{"/home/ahmed/mobile-app/app/config.ts": {"path":"/home/ahmed/mobile-app/app/config.ts","statementMap":{"0":{"start":{"line":8,"column":18},"end":{"line":8,"column":42}},"1":{"start":{"line":10,"column":4},"end":{"line":10,"column":37}},"2":{"start":{"line":13,"column":21},"end":{"line":13,"column":65}},"3":{"start":{"line":15,"column":4},"end":{"line":16,"column":55}},"4":{"start":{"line":17,"column":17},"end":{"line":17,"column":57}},"5":{"start":{"line":18,"column":22},"end":{"line":18,"column":63}},"6":{"start":{"line":21,"column":4},"end":{"line":23,"column":5}},"7":{"start":{"line":22,"column":8},"end":{"line":22,"column":18}},"8":{"start":{"line":25,"column":24},"end":{"line":25,"column":75}},"9":{"start":{"line":27,"column":4},"end":{"line":27,"column":48}},"10":{"start":{"line":30,"column":24},"end":{"line":35,"column":24}},"11":{"start":{"line":38,"column":4},"end":{"line":38,"column":57}}},"fnMap":{"0":{"name":"getEnv","decl":{"start":{"line":7,"column":9},"end":{"line":7,"column":15}},"loc":{"start":{"line":7,"column":49},"end":{"line":11,"column":1}},"line":7},"1":{"name":"sanitizeBasePath","decl":{"start":{"line":20,"column":9},"end":{"line":20,"column":25}},"loc":{"start":{"line":20,"column":48},"end":{"line":28,"column":1}},"line":20}},"branchMap":{"0":{"loc":{"start":{"line":10,"column":11},"end":{"line":10,"column":36}},"type":"cond-expr","locations":[{"start":{"line":10,"column":19},"end":{"line":10,"column":24}},{"start":{"line":10,"column":27},"end":{"line":10,"column":36}}],"line":10},"1":{"loc":{"start":{"line":13,"column":21},"end":{"line":13,"column":65}},"type":"binary-expr","locations":[{"start":{"line":13,"column":21},"end":{"line":13,"column":55}},{"start":{"line":13,"column":59},"end":{"line":13,"column":65}}],"line":13},"2":{"loc":{"start":{"line":15,"column":4},"end":{"line":16,"column":55}},"type":"binary-expr","locations":[{"start":{"line":15,"column":4},"end":{"line":15,"column":34}},{"start":{"line":16,"column":5},"end":{"line":16,"column":54}}],"line":15},"3":{"loc":{"start":{"line":16,"column":5},"end":{"line":16,"column":54}},"type":"cond-expr","locations":[{"start":{"line":16,"column":29},"end":{"line":16,"column":40}},{"start":{"line":16,"column":43},"end":{"line":16,"column":54}}],"line":16},"4":{"loc":{"start":{"line":17,"column":17},"end":{"line":17,"column":57}},"type":"binary-expr","locations":[{"start":{"line":17,"column":17},"end":{"line":17,"column":47}},{"start":{"line":17,"column":51},"end":{"line":17,"column":57}}],"line":17},"5":{"loc":{"start":{"line":18,"column":22},"end":{"line":18,"column":63}},"type":"binary-expr","locations":[{"start":{"line":18,"column":22},"end":{"line":18,"column":57}},{"start":{"line":18,"column":61},"end":{"line":18,"column":63}}],"line":18},"6":{"loc":{"start":{"line":21,"column":4},"end":{"line":23,"column":5}},"type":"if","locations":[{"start":{"line":21,"column":4},"end":{"line":23,"column":5}},{"start":{},"end":{}}],"line":21},"7":{"loc":{"start":{"line":27,"column":11},"end":{"line":27,"column":47}},"type":"cond-expr","locations":[{"start":{"line":27,"column":25},"end":{"line":27,"column":42}},{"start":{"line":27,"column":45},"end":{"line":27,"column":47}}],"line":27},"8":{"loc":{"start":{"line":31,"column":4},"end":{"line":31,"column":42}},"type":"binary-expr","locations":[{"start":{"line":31,"column":4},"end":{"line":31,"column":35}},{"start":{"line":31,"column":39},"end":{"line":31,"column":42}}],"line":31},"9":{"loc":{"start":{"line":32,"column":36},"end":{"line":32,"column":66}},"type":"cond-expr","locations":[{"start":{"line":32,"column":47},"end":{"line":32,"column":61}},{"start":{"line":32,"column":64},"end":{"line":32,"column":66}}],"line":32},"10":{"loc":{"start":{"line":38,"column":4},"end":{"line":38,"column":57}},"type":"binary-expr","locations":[{"start":{"line":38,"column":4},"end":{"line":38,"column":38}},{"start":{"line":38,"column":42},"end":{"line":38,"column":57}}],"line":38}},"s":{"0":5,"1":5,"2":1,"3":1,"4":1,"5":1,"6":1,"7":1,"8":0,"9":0,"10":1,"11":1},"f":{"0":5,"1":1},"b":{"0":[0,5],"1":[1,1],"2":[1,1],"3":[0,1],"4":[1,1],"5":[1,1],"6":[1,0],"7":[0,0],"8":[1,1],"9":[1,0],"10":[1,1]},"_coverageSchema":"1a1c01bbd47fc00a2c39e90264f33305004495a9","hash":"b557718cbaa87c6b05e7bbd516b43952de8bb0c9"}
,"/home/ahmed/mobile-app/app/index.tsx": {"path":"/home/ahmed/mobile-app/app/index.tsx","statementMap":{"0":{"start":{"line":4,"column":26},"end":{"line":4,"column":50}},"1":{"start":{"line":6,"column":21},"end":{"line":6,"column":32}},"2":{"start":{"line":7,"column":22},"end":{"line":7,"column":35}},"3":{"start":{"line":10,"column":4},"end":{"line":40,"column":6}},"4":{"start":{"line":43,"column":15},"end":{"line":82,"column":2}}},"fnMap":{"0":{"name":"Index","decl":{"start":{"line":9,"column":24},"end":{"line":9,"column":29}},"loc":{"start":{"line":9,"column":32},"end":{"line":41,"column":1}},"line":9}},"branchMap":{},"s":{"0":1,"1":1,"2":1,"3":2,"4":1},"f":{"0":2},"b":{},"_coverageSchema":"1a1c01bbd47fc00a2c39e90264f33305004495a9","hash":"7b3011af0a9315fa0d955c8f497ec6a5cc98d57b"}
,"/home/ahmed/mobile-app/app/login.tsx": {"path":"/home/ahmed/mobile-app/app/login.tsx","statementMap":{"0":{"start":{"line":19,"column":30},"end":{"line":19,"column":42}},"1":{"start":{"line":20,"column":36},"end":{"line":20,"column":48}},"2":{"start":{"line":21,"column":34},"end":{"line":21,"column":49}},"3":{"start":{"line":22,"column":30},"end":{"line":22,"column":42}},"4":{"start":{"line":23,"column":22},"end":{"line":23,"column":31}},"5":{"start":{"line":25,"column":24},"end":{"line":41,"column":5}},"6":{"start":{"line":26,"column":8},"end":{"line":26,"column":21}},"7":{"start":{"line":27,"column":8},"end":{"line":30,"column":9}},"8":{"start":{"line":28,"column":12},"end":{"line":28,"column":58}},"9":{"start":{"line":29,"column":12},"end":{"line":29,"column":19}},"10":{"start":{"line":31,"column":8},"end":{"line":31,"column":25}},"11":{"start":{"line":32,"column":8},"end":{"line":40,"column":9}},"12":{"start":{"line":33,"column":12},"end":{"line":33,"column":41}},"13":{"start":{"line":35,"column":12},"end":{"line":37,"column":14}},"14":{"start":{"line":39,"column":12},"end":{"line":39,"column":30}},"15":{"start":{"line":43,"column":4},"end":{"line":130,"column":6}},"16":{"start":{"line":133,"column":15},"end":{"line":238,"column":2}}},"fnMap":{"0":{"name":"Login","decl":{"start":{"line":18,"column":24},"end":{"line":18,"column":29}},"loc":{"start":{"line":18,"column":32},"end":{"line":131,"column":1}},"line":18},"1":{"name":"(anonymous_1)","decl":{"start":{"line":25,"column":24},"end":{"line":25,"column":25}},"loc":{"start":{"line":25,"column":36},"end":{"line":41,"column":5}},"line":25}},"branchMap":{"0":{"loc":{"start":{"line":27,"column":8},"end":{"line":30,"column":9}},"type":"if","locations":[{"start":{"line":27,"column":8},"end":{"line":30,"column":9}},{"start":{},"end":{}}],"line":27},"1":{"loc":{"start":{"line":27,"column":12},"end":{"line":27,"column":31}},"type":"binary-expr","locations":[{"start":{"line":27,"column":12},"end":{"line":27,"column":18}},{"start":{"line":27,"column":22},"end":{"line":27,"column":31}}],"line":27},"2":{"loc":{"start":{"line":36,"column":16},"end":{"line":36,"column":77}},"type":"cond-expr","locations":[{"start":{"line":36,"column":39},"end":{"line":36,"column":50}},{"start":{"line":36,"column":53},"end":{"line":36,"column":77}}],"line":36},"3":{"loc":{"start":{"line":47,"column":26},"end":{"line":47,"column":70}},"type":"cond-expr","locations":[{"start":{"line":47,"column":50},"end":{"line":47,"column":59}},{"start":{"line":47,"column":62},"end":{"line":47,"column":70}}],"line":47},"4":{"loc":{"start":{"line":97,"column":25},"end":{"line":99,"column":32}},"type":"cond-expr","locations":[{"start":{"line":98,"column":28},"end":{"line":98,"column":73}},{"start":{"line":99,"column":28},"end":{"line":99,"column":32}}],"line":97},"5":{"loc":{"start":{"line":104,"column":32},"end":{"line":104,"column":71}},"type":"binary-expr","locations":[{"start":{"line":104,"column":32},"end":{"line":104,"column":39}},{"start":{"line":104,"column":43},"end":{"line":104,"column":71}}],"line":104},"6":{"loc":{"start":{"line":109,"column":29},"end":{"line":115,"column":29}},"type":"cond-expr","locations":[{"start":{"line":110,"column":32},"end":{"line":110,"column":83}},{"start":{"line":112,"column":32},"end":{"line":114,"column":39}}],"line":109}},"s":{"0":12,"1":12,"2":12,"3":12,"4":12,"5":12,"6":3,"7":3,"8":1,"9":1,"10":2,"11":2,"12":2,"13":1,"14":2,"15":12,"16":1},"f":{"0":12,"1":3},"b":{"0":[1,2],"1":[3,2],"2":[1,0],"3":[12,0],"4":[2,10],"5":[12,0],"6":[0,12]},"_coverageSchema":"1a1c01bbd47fc00a2c39e90264f33305004495a9","hash":"b531003096be4ef6c1f1ea6eecfd43c05104b983"}
,"/home/ahmed/mobile-app/app/signup.tsx": {"path":"/home/ahmed/mobile-app/app/signup.tsx","statementMap":{"0":{"start":{"line":19,"column":30},"end":{"line":19,"column":42}},"1":{"start":{"line":20,"column":36},"end":{"line":20,"column":48}},"2":{"start":{"line":21,"column":32},"end":{"line":21,"column":44}},"3":{"start":{"line":22,"column":26},"end":{"line":22,"column":38}},"4":{"start":{"line":23,"column":34},"end":{"line":23,"column":49}},"5":{"start":{"line":24,"column":30},"end":{"line":24,"column":42}},"6":{"start":{"line":25,"column":25},"end":{"line":25,"column":34}},"7":{"start":{"line":27,"column":25},"end":{"line":43,"column":5}},"8":{"start":{"line":28,"column":8},"end":{"line":28,"column":21}},"9":{"start":{"line":29,"column":8},"end":{"line":32,"column":9}},"10":{"start":{"line":30,"column":12},"end":{"line":30,"column":58}},"11":{"start":{"line":31,"column":12},"end":{"line":31,"column":19}},"12":{"start":{"line":33,"column":8},"end":{"line":33,"column":25}},"13":{"start":{"line":34,"column":8},"end":{"line":42,"column":9}},"14":{"start":{"line":35,"column":12},"end":{"line":35,"column":44}},"15":{"start":{"line":37,"column":12},"end":{"line":39,"column":14}},"16":{"start":{"line":41,"column":12},"end":{"line":41,"column":30}},"17":{"start":{"line":45,"column":4},"end":{"line":142,"column":6}},"18":{"start":{"line":145,"column":15},"end":{"line":250,"column":2}}},"fnMap":{"0":{"name":"Signup","decl":{"start":{"line":18,"column":24},"end":{"line":18,"column":30}},"loc":{"start":{"line":18,"column":33},"end":{"line":143,"column":1}},"line":18},"1":{"name":"(anonymous_1)","decl":{"start":{"line":27,"column":25},"end":{"line":27,"column":26}},"loc":{"start":{"line":27,"column":37},"end":{"line":43,"column":5}},"line":27}},"branchMap":{"0":{"loc":{"start":{"line":29,"column":8},"end":{"line":32,"column":9}},"type":"if","locations":[{"start":{"line":29,"column":8},"end":{"line":32,"column":9}},{"start":{},"end":{}}],"line":29},"1":{"loc":{"start":{"line":29,"column":12},"end":{"line":29,"column":31}},"type":"binary-expr","locations":[{"start":{"line":29,"column":12},"end":{"line":29,"column":18}},{"start":{"line":29,"column":22},"end":{"line":29,"column":31}}],"line":29},"2":{"loc":{"start":{"line":38,"column":16},"end":{"line":38,"column":78}},"type":"cond-expr","locations":[{"start":{"line":38,"column":39},"end":{"line":38,"column":50}},{"start":{"line":38,"column":53},"end":{"line":38,"column":78}}],"line":38},"3":{"loc":{"start":{"line":49,"column":26},"end":{"line":49,"column":70}},"type":"cond-expr","locations":[{"start":{"line":49,"column":50},"end":{"line":49,"column":59}},{"start":{"line":49,"column":62},"end":{"line":49,"column":70}}],"line":49},"4":{"loc":{"start":{"line":109,"column":25},"end":{"line":111,"column":32}},"type":"cond-expr","locations":[{"start":{"line":110,"column":28},"end":{"line":110,"column":73}},{"start":{"line":111,"column":28},"end":{"line":111,"column":32}}],"line":109},"5":{"loc":{"start":{"line":116,"column":32},"end":{"line":116,"column":71}},"type":"binary-expr","locations":[{"start":{"line":116,"column":32},"end":{"line":116,"column":39}},{"start":{"line":116,"column":43},"end":{"line":116,"column":71}}],"line":116},"6":{"loc":{"start":{"line":121,"column":29},"end":{"line":127,"column":29}},"type":"cond-expr","locations":[{"start":{"line":122,"column":32},"end":{"line":122,"column":83}},{"start":{"line":124,"column":32},"end":{"line":126,"column":39}}],"line":121}},"s":{"0":12,"1":12,"2":12,"3":12,"4":12,"5":12,"6":12,"7":12,"8":3,"9":3,"10":1,"11":1,"12":2,"13":2,"14":2,"15":1,"16":2,"17":12,"18":1},"f":{"0":12,"1":3},"b":{"0":[1,2],"1":[3,2],"2":[1,0],"3":[12,0],"4":[2,10],"5":[12,0],"6":[0,12]},"_coverageSchema":"1a1c01bbd47fc00a2c39e90264f33305004495a9","hash":"e104ff3c58ca6d057b50dd04e6358bad730e8916"}
,"/home/ahmed/mobile-app/app/components/BottomMenu.tsx": {"path":"/home/ahmed/mobile-app/app/components/BottomMenu.tsx","statementMap":{"0":{"start":{"line":30,"column":25},"end":{"line":36,"column":1}},"1":{"start":{"line":38,"column":21},"end":{"line":38,"column":51}},"2":{"start":{"line":39,"column":35},"end":{"line":39,"column":37}},"3":{"start":{"line":40,"column":32},"end":{"line":40,"column":34}},"4":{"start":{"line":41,"column":25},"end":{"line":41,"column":27}},"5":{"start":{"line":42,"column":24},"end":{"line":42,"column":69}},"6":{"start":{"line":43,"column":18},"end":{"line":43,"column":47}},"7":{"start":{"line":44,"column":23},"end":{"line":44,"column":25}},"8":{"start":{"line":45,"column":21},"end":{"line":45,"column":42}},"9":{"start":{"line":46,"column":23},"end":{"line":46,"column":44}},"10":{"start":{"line":54,"column":18},"end":{"line":54,"column":51}},"11":{"start":{"line":55,"column":26},"end":{"line":55,"column":56}},"12":{"start":{"line":56,"column":28},"end":{"line":56,"column":58}},"13":{"start":{"line":58,"column":4},"end":{"line":62,"column":56}},"14":{"start":{"line":59,"column":8},"end":{"line":59,"column":71}},"15":{"start":{"line":60,"column":8},"end":{"line":60,"column":76}},"16":{"start":{"line":61,"column":8},"end":{"line":61,"column":78}},"17":{"start":{"line":64,"column":27},"end":{"line":66,"column":7}},"18":{"start":{"line":64,"column":51},"end":{"line":66,"column":5}},"19":{"start":{"line":68,"column":28},"end":{"line":70,"column":7}},"20":{"start":{"line":68,"column":52},"end":{"line":70,"column":5}},"21":{"start":{"line":72,"column":30},"end":{"line":74,"column":7}},"22":{"start":{"line":72,"column":54},"end":{"line":74,"column":5}},"23":{"start":{"line":76,"column":21},"end":{"line":76,"column":54}},"24":{"start":{"line":78,"column":4},"end":{"line":112,"column":6}},"25":{"start":{"line":116,"column":19},"end":{"line":116,"column":30}},"26":{"start":{"line":117,"column":21},"end":{"line":117,"column":34}},"27":{"start":{"line":118,"column":32},"end":{"line":120,"column":5}},"28":{"start":{"line":119,"column":18},"end":{"line":119,"column":40}},"29":{"start":{"line":121,"column":24},"end":{"line":121,"column":74}},"30":{"start":{"line":122,"column":27},"end":{"line":122,"column":54}},"31":{"start":{"line":124,"column":4},"end":{"line":130,"column":38}},"32":{"start":{"line":125,"column":8},"end":{"line":129,"column":11}},"33":{"start":{"line":132,"column":27},"end":{"line":140,"column":7}},"34":{"start":{"line":132,"column":51},"end":{"line":140,"column":5}},"35":{"start":{"line":142,"column":4},"end":{"line":164,"column":6}},"36":{"start":{"line":150,"column":35},"end":{"line":150,"column":56}},"37":{"start":{"line":152,"column":20},"end":{"line":160,"column":22}},"38":{"start":{"line":156,"column":43},"end":{"line":156,"column":65}},"39":{"start":{"line":167,"column":15},"end":{"line":218,"column":2}}},"fnMap":{"0":{"name":"MenuIcon","decl":{"start":{"line":53,"column":9},"end":{"line":53,"column":17}},"loc":{"start":{"line":53,"column":51},"end":{"line":113,"column":1}},"line":53},"1":{"name":"(anonymous_1)","decl":{"start":{"line":58,"column":14},"end":{"line":58,"column":15}},"loc":{"start":{"line":58,"column":20},"end":{"line":62,"column":5}},"line":58},"2":{"name":"(anonymous_2)","decl":{"start":{"line":64,"column":44},"end":{"line":64,"column":45}},"loc":{"start":{"line":64,"column":51},"end":{"line":66,"column":5}},"line":64},"3":{"name":"(anonymous_3)","decl":{"start":{"line":68,"column":45},"end":{"line":68,"column":46}},"loc":{"start":{"line":68,"column":52},"end":{"line":70,"column":5}},"line":68},"4":{"name":"(anonymous_4)","decl":{"start":{"line":72,"column":47},"end":{"line":72,"column":48}},"loc":{"start":{"line":72,"column":54},"end":{"line":74,"column":5}},"line":72},"5":{"name":"BottomMenu","decl":{"start":{"line":115,"column":24},"end":{"line":115,"column":34}},"loc":{"start":{"line":115,"column":37},"end":{"line":165,"column":1}},"line":115},"6":{"name":"(anonymous_6)","decl":{"start":{"line":119,"column":8},"end":{"line":119,"column":9}},"loc":{"start":{"line":119,"column":18},"end":{"line":119,"column":40}},"line":119},"7":{"name":"(anonymous_7)","decl":{"start":{"line":124,"column":14},"end":{"line":124,"column":15}},"loc":{"start":{"line":124,"column":20},"end":{"line":130,"column":5}},"line":124},"8":{"name":"(anonymous_8)","decl":{"start":{"line":132,"column":44},"end":{"line":132,"column":45}},"loc":{"start":{"line":132,"column":51},"end":{"line":140,"column":5}},"line":132},"9":{"name":"(anonymous_9)","decl":{"start":{"line":149,"column":26},"end":{"line":149,"column":27}},"loc":{"start":{"line":149,"column":43},"end":{"line":161,"column":17}},"line":149},"10":{"name":"(anonymous_10)","decl":{"start":{"line":156,"column":37},"end":{"line":156,"column":38}},"loc":{"start":{"line":156,"column":43},"end":{"line":156,"column":65}},"line":156}},"branchMap":{"0":{"loc":{"start":{"line":54,"column":33},"end":{"line":54,"column":50}},"type":"cond-expr","locations":[{"start":{"line":54,"column":42},"end":{"line":54,"column":46}},{"start":{"line":54,"column":49},"end":{"line":54,"column":50}}],"line":54},"1":{"loc":{"start":{"line":55,"column":41},"end":{"line":55,"column":55}},"type":"cond-expr","locations":[{"start":{"line":55,"column":50},"end":{"line":55,"column":51}},{"start":{"line":55,"column":54},"end":{"line":55,"column":55}}],"line":55},"2":{"loc":{"start":{"line":56,"column":43},"end":{"line":56,"column":57}},"type":"cond-expr","locations":[{"start":{"line":56,"column":52},"end":{"line":56,"column":53}},{"start":{"line":56,"column":56},"end":{"line":56,"column":57}}],"line":56},"3":{"loc":{"start":{"line":59,"column":33},"end":{"line":59,"column":50}},"type":"cond-expr","locations":[{"start":{"line":59,"column":42},"end":{"line":59,"column":46}},{"start":{"line":59,"column":49},"end":{"line":59,"column":50}}],"line":59},"4":{"loc":{"start":{"line":60,"column":41},"end":{"line":60,"column":55}},"type":"cond-expr","locations":[{"start":{"line":60,"column":50},"end":{"line":60,"column":51}},{"start":{"line":60,"column":54},"end":{"line":60,"column":55}}],"line":60},"5":{"loc":{"start":{"line":61,"column":43},"end":{"line":61,"column":57}},"type":"cond-expr","locations":[{"start":{"line":61,"column":52},"end":{"line":61,"column":53}},{"start":{"line":61,"column":56},"end":{"line":61,"column":57}}],"line":61},"6":{"loc":{"start":{"line":76,"column":21},"end":{"line":76,"column":54}},"type":"cond-expr","locations":[{"start":{"line":76,"column":47},"end":{"line":76,"column":49}},{"start":{"line":76,"column":52},"end":{"line":76,"column":54}}],"line":76},"7":{"loc":{"start":{"line":81,"column":17},"end":{"line":93,"column":17}},"type":"cond-expr","locations":[{"start":{"line":82,"column":20},"end":{"line":86,"column":22}},{"start":{"line":88,"column":20},"end":{"line":92,"column":22}}],"line":81},"8":{"loc":{"start":{"line":97,"column":17},"end":{"line":109,"column":17}},"type":"cond-expr","locations":[{"start":{"line":98,"column":20},"end":{"line":102,"column":22}},{"start":{"line":104,"column":20},"end":{"line":108,"column":22}}],"line":97},"9":{"loc":{"start":{"line":121,"column":24},"end":{"line":121,"column":74}},"type":"cond-expr","locations":[{"start":{"line":121,"column":51},"end":{"line":121,"column":70}},{"start":{"line":121,"column":73},"end":{"line":121,"column":74}}],"line":121}},"s":{"0":1,"1":1,"2":1,"3":1,"4":1,"5":1,"6":1,"7":1,"8":1,"9":1,"10":45,"11":45,"12":45,"13":45,"14":45,"15":45,"16":45,"17":45,"18":45,"19":45,"20":45,"21":45,"22":45,"23":45,"24":45,"25":9,"26":9,"27":9,"28":23,"29":9,"30":9,"31":9,"32":9,"33":9,"34":9,"35":9,"36":45,"37":45,"38":0,"39":1},"f":{"0":45,"1":45,"2":45,"3":45,"4":45,"5":9,"6":23,"7":9,"8":9,"9":45,"10":0},"b":{"0":[9,36],"1":[9,36],"2":[9,36],"3":[9,36],"4":[9,36],"5":[9,36],"6":[9,36],"7":[36,9],"8":[36,9],"9":[8,1]},"_coverageSchema":"1a1c01bbd47fc00a2c39e90264f33305004495a9","hash":"7b8e136d625e08846221e120f8b9bbba3db1feac"}
,"/home/ahmed/mobile-app/app/components/GardenMap.tsx": {"path":"/home/ahmed/mobile-app/app/components/GardenMap.tsx","statementMap":{},"fnMap":{},"branchMap":{},"s":{},"f":{},"b":{}}
,"/home/ahmed/mobile-app/app/components/Header.tsx": {"path":"/home/ahmed/mobile-app/app/components/Header.tsx","statementMap":{},"fnMap":{},"branchMap":{},"s":{},"f":{},"b":{}}
,"/home/ahmed/mobile-app/app/components/SensorReadingGraph.tsx": {"path":"/home/ahmed/mobile-app/app/components/SensorReadingGraph.tsx","statementMap":{},"fnMap":{},"branchMap":{},"s":{},"f":{},"b":{}}
,"/home/ahmed/mobile-app/app/components/Sidebar.tsx": {"path":"/home/ahmed/mobile-app/app/components/Sidebar.tsx","statementMap":{},"fnMap":{},"branchMap":{},"s":{},"f":{},"b":{}}
,"/home/ahmed/mobile-app/app/components/garden/AddMenu.tsx": {"path":"/home/ahmed/mobile-app/app/components/garden/AddMenu.tsx","statementMap":{"0":{"start":{"line":12,"column":4},"end":{"line":16,"column":6}},"1":{"start":{"line":19,"column":15},"end":{"line":38,"column":2}}},"fnMap":{"0":{"name":"AddMenu","decl":{"start":{"line":9,"column":16},"end":{"line":9,"column":23}},"loc":{"start":{"line":11,"column":17},"end":{"line":17,"column":1}},"line":11}},"branchMap":{},"s":{"0":2,"1":1},"f":{"0":2},"b":{},"_coverageSchema":"1a1c01bbd47fc00a2c39e90264f33305004495a9","hash":"5f2b675c152e61d09b590f6a4bb1a6c979e547fc"}
,"/home/ahmed/mobile-app/app/components/garden/CatalogModal.tsx": {"path":"/home/ahmed/mobile-app/app/components/garden/CatalogModal.tsx","statementMap":{"0":{"start":{"line":17,"column":34},"end":{"line":17,"column":58}},"1":{"start":{"line":32,"column":40},"end":{"line":32,"column":52}},"2":{"start":{"line":34,"column":26},"end":{"line":36,"column":3}},"3":{"start":{"line":35,"column":4},"end":{"line":35,"column":60}},"4":{"start":{"line":38,"column":23},"end":{"line":41,"column":3}},"5":{"start":{"line":39,"column":4},"end":{"line":39,"column":29}},"6":{"start":{"line":40,"column":4},"end":{"line":40,"column":18}},"7":{"start":{"line":43,"column":22},"end":{"line":46,"column":3}},"8":{"start":{"line":44,"column":4},"end":{"line":44,"column":23}},"9":{"start":{"line":45,"column":4},"end":{"line":45,"column":14}},"10":{"start":{"line":48,"column":2},"end":{"line":86,"column":4}},"11":{"start":{"line":73,"column":36},"end":{"line":73,"column":43}},"12":{"start":{"line":77,"column":14},"end":{"line":80,"column":33}},"13":{"start":{"line":77,"column":74},"end":{"line":77,"column":92}},"14":{"start":{"line":89,"column":15},"end":{"line":151,"column":2}}},"fnMap":{"0":{"name":"CatalogModal","decl":{"start":{"line":26,"column":16},"end":{"line":26,"column":28}},"loc":{"start":{"line":31,"column":22},"end":{"line":87,"column":1}},"line":31},"1":{"name":"(anonymous_1)","decl":{"start":{"line":34,"column":47},"end":{"line":34,"column":48}},"loc":{"start":{"line":35,"column":4},"end":{"line":35,"column":60}},"line":35},"2":{"name":"(anonymous_2)","decl":{"start":{"line":38,"column":23},"end":{"line":38,"column":24}},"loc":{"start":{"line":38,"column":49},"end":{"line":41,"column":3}},"line":38},"3":{"name":"(anonymous_3)","decl":{"start":{"line":43,"column":22},"end":{"line":43,"column":23}},"loc":{"start":{"line":43,"column":28},"end":{"line":46,"column":3}},"line":43},"4":{"name":"(anonymous_4)","decl":{"start":{"line":73,"column":26},"end":{"line":73,"column":27}},"loc":{"start":{"line":73,"column":36},"end":{"line":73,"column":43}},"line":73},"5":{"name":"(anonymous_5)","decl":{"start":{"line":76,"column":24},"end":{"line":76,"column":25}},"loc":{"start":{"line":77,"column":14},"end":{"line":80,"column":33}},"line":77},"6":{"name":"(anonymous_6)","decl":{"start":{"line":77,"column":68},"end":{"line":77,"column":69}},"loc":{"start":{"line":77,"column":74},"end":{"line":77,"column":92}},"line":77}},"branchMap":{},"s":{"0":1,"1":3,"2":3,"3":204,"4":3,"5":0,"6":0,"7":3,"8":1,"9":1,"10":3,"11":84,"12":60,"13":0,"14":1},"f":{"0":3,"1":204,"2":0,"3":1,"4":84,"5":60,"6":0},"b":{},"_coverageSchema":"1a1c01bbd47fc00a2c39e90264f33305004495a9","hash":"ff4e63e05861e2fa2e82030e4d7bcaa6c1726ae2"}
,"/home/ahmed/mobile-app/app/components/garden/GrassLayer.tsx": {"path":"/home/ahmed/mobile-app/app/components/garden/GrassLayer.tsx","statementMap":{"0":{"start":{"line":5,"column":21},"end":{"line":5,"column":23}},"1":{"start":{"line":6,"column":19},"end":{"line":6,"column":46}},"2":{"start":{"line":8,"column":26},"end":{"line":29,"column":2}},"3":{"start":{"line":9,"column":4},"end":{"line":28,"column":6}},"4":{"start":{"line":17,"column":16},"end":{"line":25,"column":23}},"5":{"start":{"line":31,"column":15},"end":{"line":42,"column":2}}},"fnMap":{"0":{"name":"GrassLayer","decl":{"start":{"line":8,"column":40},"end":{"line":8,"column":50}},"loc":{"start":{"line":8,"column":53},"end":{"line":29,"column":1}},"line":8},"1":{"name":"(anonymous_1)","decl":{"start":{"line":16,"column":35},"end":{"line":16,"column":36}},"loc":{"start":{"line":17,"column":16},"end":{"line":25,"column":23}},"line":17}},"branchMap":{},"s":{"0":1,"1":1,"2":1,"3":2,"4":1058,"5":1},"f":{"0":2,"1":1058},"b":{},"_coverageSchema":"1a1c01bbd47fc00a2c39e90264f33305004495a9","hash":"d4199825006103977e87521639d97015c06386f8"}
,"/home/ahmed/mobile-app/app/components/garden/PlantCard.tsx": {"path":"/home/ahmed/mobile-app/app/components/garden/PlantCard.tsx","statementMap":{"0":{"start":{"line":27,"column":20},"end":{"line":27,"column":22}},"1":{"start":{"line":28,"column":19},"end":{"line":28,"column":21}},"2":{"start":{"line":29,"column":22},"end":{"line":29,"column":24}},"3":{"start":{"line":30,"column":30},"end":{"line":30,"column":82}},"4":{"start":{"line":51,"column":26},"end":{"line":51,"column":69}},"5":{"start":{"line":53,"column":25},"end":{"line":386,"column":2}},"6":{"start":{"line":65,"column":22},"end":{"line":67,"column":10}},"7":{"start":{"line":66,"column":25},"end":{"line":66,"column":47}},"8":{"start":{"line":68,"column":18},"end":{"line":70,"column":15}},"9":{"start":{"line":71,"column":27},"end":{"line":73,"column":10}},"10":{"start":{"line":76,"column":4},"end":{"line":78,"column":12}},"11":{"start":{"line":80,"column":4},"end":{"line":82,"column":12}},"12":{"start":{"line":84,"column":4},"end":{"line":86,"column":12}},"13":{"start":{"line":88,"column":4},"end":{"line":90,"column":12}},"14":{"start":{"line":92,"column":18},"end":{"line":92,"column":35}},"15":{"start":{"line":93,"column":18},"end":{"line":93,"column":35}},"16":{"start":{"line":94,"column":18},"end":{"line":94,"column":35}},"17":{"start":{"line":95,"column":18},"end":{"line":95,"column":35}},"18":{"start":{"line":96,"column":16},"end":{"line":96,"column":33}},"19":{"start":{"line":98,"column":2},"end":{"line":103,"column":52}},"20":{"start":{"line":99,"column":4},"end":{"line":99,"column":22}},"21":{"start":{"line":100,"column":4},"end":{"line":100,"column":22}},"22":{"start":{"line":101,"column":4},"end":{"line":101,"column":22}},"23":{"start":{"line":102,"column":4},"end":{"line":102,"column":22}},"24":{"start":{"line":105,"column":2},"end":{"line":120,"column":36}},"25":{"start":{"line":106,"column":4},"end":{"line":110,"column":5}},"26":{"start":{"line":107,"column":6},"end":{"line":107,"column":29}},"27":{"start":{"line":108,"column":6},"end":{"line":108,"column":22}},"28":{"start":{"line":109,"column":6},"end":{"line":109,"column":13}},"29":{"start":{"line":112,"column":4},"end":{"line":119,"column":6}},"30":{"start":{"line":122,"column":21},"end":{"line":125,"column":3}},"31":{"start":{"line":123,"column":32},"end":{"line":123,"column":76}},"32":{"start":{"line":127,"column":23},"end":{"line":138,"column":3}},"33":{"start":{"line":129,"column":6},"end":{"line":135,"column":8}},"34":{"start":{"line":140,"column":22},"end":{"line":152,"column":6}},"35":{"start":{"line":143,"column":6},"end":{"line":143,"column":37}},"36":{"start":{"line":146,"column":6},"end":{"line":146,"column":50}},"37":{"start":{"line":147,"column":6},"end":{"line":147,"column":50}},"38":{"start":{"line":150,"column":6},"end":{"line":150,"column":38}},"39":{"start":{"line":151,"column":6},"end":{"line":151,"column":56}},"40":{"start":{"line":158,"column":4},"end":{"line":195,"column":9}},"41":{"start":{"line":161,"column":8},"end":{"line":161,"column":39}},"42":{"start":{"line":164,"column":19},"end":{"line":164,"column":45}},"43":{"start":{"line":165,"column":19},"end":{"line":165,"column":45}},"44":{"start":{"line":166,"column":8},"end":{"line":175,"column":9}},"45":{"start":{"line":167,"column":20},"end":{"line":167,"column":38}},"46":{"start":{"line":168,"column":10},"end":{"line":171,"column":11}},"47":{"start":{"line":169,"column":12},"end":{"line":169,"column":32}},"48":{"start":{"line":170,"column":12},"end":{"line":170,"column":30}},"49":{"start":{"line":173,"column":20},"end":{"line":173,"column":38}},"50":{"start":{"line":174,"column":10},"end":{"line":174,"column":66}},"51":{"start":{"line":174,"column":48},"end":{"line":174,"column":66}},"52":{"start":{"line":176,"column":8},"end":{"line":185,"column":9}},"53":{"start":{"line":177,"column":20},"end":{"line":177,"column":38}},"54":{"start":{"line":178,"column":10},"end":{"line":181,"column":11}},"55":{"start":{"line":179,"column":12},"end":{"line":179,"column":32}},"56":{"start":{"line":180,"column":12},"end":{"line":180,"column":30}},"57":{"start":{"line":183,"column":20},"end":{"line":183,"column":38}},"58":{"start":{"line":184,"column":10},"end":{"line":184,"column":67}},"59":{"start":{"line":184,"column":49},"end":{"line":184,"column":67}},"60":{"start":{"line":188,"column":8},"end":{"line":188,"column":40}},"61":{"start":{"line":189,"column":8},"end":{"line":194,"column":10}},"62":{"start":{"line":198,"column":25},"end":{"line":198,"column":57}},"63":{"start":{"line":199,"column":26},"end":{"line":199,"column":59}},"64":{"start":{"line":200,"column":28},"end":{"line":200,"column":63}},"65":{"start":{"line":201,"column":29},"end":{"line":201,"column":65}},"66":{"start":{"line":203,"column":28},"end":{"line":219,"column":5}},"67":{"start":{"line":203,"column":52},"end":{"line":219,"column":3}},"68":{"start":{"line":221,"column":22},"end":{"line":221,"column":79}},"69":{"start":{"line":221,"column":40},"end":{"line":221,"column":57}},"70":{"start":{"line":222,"column":24},"end":{"line":222,"column":54}},"71":{"start":{"line":225,"column":4},"end":{"line":354,"column":7}},"72":{"start":{"line":357,"column":2},"end":{"line":367,"column":3}},"73":{"start":{"line":358,"column":4},"end":{"line":366,"column":6}},"74":{"start":{"line":369,"column":2},"end":{"line":385,"column":4}},"75":{"start":{"line":388,"column":15},"end":{"line":522,"column":2}}},"fnMap":{"0":{"name":"PlantCard","decl":{"start":{"line":53,"column":39},"end":{"line":53,"column":48}},"loc":{"start":{"line":64,"column":19},"end":{"line":386,"column":1}},"line":64},"1":{"name":"(anonymous_1)","decl":{"start":{"line":66,"column":18},"end":{"line":66,"column":19}},"loc":{"start":{"line":66,"column":25},"end":{"line":66,"column":47}},"line":66},"2":{"name":"(anonymous_2)","decl":{"start":{"line":98,"column":12},"end":{"line":98,"column":13}},"loc":{"start":{"line":98,"column":18},"end":{"line":103,"column":3}},"line":98},"3":{"name":"(anonymous_3)","decl":{"start":{"line":105,"column":12},"end":{"line":105,"column":13}},"loc":{"start":{"line":105,"column":18},"end":{"line":120,"column":3}},"line":105},"4":{"name":"(anonymous_4)","decl":{"start":{"line":123,"column":4},"end":{"line":123,"column":5}},"loc":{"start":{"line":123,"column":32},"end":{"line":123,"column":76}},"line":123},"5":{"name":"(anonymous_5)","decl":{"start":{"line":128,"column":4},"end":{"line":128,"column":5}},"loc":{"start":{"line":128,"column":56},"end":{"line":136,"column":5}},"line":128},"6":{"name":"(anonymous_6)","decl":{"start":{"line":142,"column":13},"end":{"line":142,"column":14}},"loc":{"start":{"line":142,"column":19},"end":{"line":144,"column":5}},"line":142},"7":{"name":"(anonymous_7)","decl":{"start":{"line":145,"column":14},"end":{"line":145,"column":15}},"loc":{"start":{"line":145,"column":21},"end":{"line":148,"column":5}},"line":145},"8":{"name":"(anonymous_8)","decl":{"start":{"line":149,"column":16},"end":{"line":149,"column":17}},"loc":{"start":{"line":149,"column":22},"end":{"line":152,"column":5}},"line":149},"9":{"name":"makeCornerGesture","decl":{"start":{"line":154,"column":11},"end":{"line":154,"column":28}},"loc":{"start":{"line":157,"column":4},"end":{"line":196,"column":3}},"line":157},"10":{"name":"(anonymous_10)","decl":{"start":{"line":160,"column":15},"end":{"line":160,"column":16}},"loc":{"start":{"line":160,"column":21},"end":{"line":162,"column":7}},"line":160},"11":{"name":"(anonymous_11)","decl":{"start":{"line":163,"column":16},"end":{"line":163,"column":17}},"loc":{"start":{"line":163,"column":23},"end":{"line":186,"column":7}},"line":163},"12":{"name":"(anonymous_12)","decl":{"start":{"line":187,"column":18},"end":{"line":187,"column":19}},"loc":{"start":{"line":187,"column":24},"end":{"line":195,"column":7}},"line":187},"13":{"name":"(anonymous_13)","decl":{"start":{"line":203,"column":45},"end":{"line":203,"column":46}},"loc":{"start":{"line":203,"column":52},"end":{"line":219,"column":3}},"line":203},"14":{"name":"(anonymous_14)","decl":{"start":{"line":221,"column":34},"end":{"line":221,"column":35}},"loc":{"start":{"line":221,"column":40},"end":{"line":221,"column":57}},"line":221}},"branchMap":{"0":{"loc":{"start":{"line":65,"column":22},"end":{"line":67,"column":10}},"type":"cond-expr","locations":[{"start":{"line":66,"column":6},"end":{"line":66,"column":48}},{"start":{"line":67,"column":6},"end":{"line":67,"column":10}}],"line":65},"1":{"loc":{"start":{"line":68,"column":18},"end":{"line":70,"column":15}},"type":"cond-expr","locations":[{"start":{"line":69,"column":6},"end":{"line":69,"column":40}},{"start":{"line":70,"column":6},"end":{"line":70,"column":15}}],"line":68},"2":{"loc":{"start":{"line":71,"column":27},"end":{"line":73,"column":10}},"type":"cond-expr","locations":[{"start":{"line":72,"column":6},"end":{"line":72,"column":46}},{"start":{"line":73,"column":6},"end":{"line":73,"column":10}}],"line":71},"3":{"loc":{"start":{"line":76,"column":4},"end":{"line":78,"column":12}},"type":"cond-expr","locations":[{"start":{"line":77,"column":8},"end":{"line":77,"column":47}},{"start":{"line":78,"column":8},"end":{"line":78,"column":12}}],"line":76},"4":{"loc":{"start":{"line":80,"column":4},"end":{"line":82,"column":12}},"type":"cond-expr","locations":[{"start":{"line":81,"column":8},"end":{"line":81,"column":45}},{"start":{"line":82,"column":8},"end":{"line":82,"column":12}}],"line":80},"5":{"loc":{"start":{"line":84,"column":4},"end":{"line":86,"column":12}},"type":"cond-expr","locations":[{"start":{"line":85,"column":8},"end":{"line":85,"column":46}},{"start":{"line":86,"column":8},"end":{"line":86,"column":12}}],"line":84},"6":{"loc":{"start":{"line":88,"column":4},"end":{"line":90,"column":12}},"type":"cond-expr","locations":[{"start":{"line":89,"column":8},"end":{"line":89,"column":48}},{"start":{"line":90,"column":8},"end":{"line":90,"column":12}}],"line":88},"7":{"loc":{"start":{"line":106,"column":4},"end":{"line":110,"column":5}},"type":"if","locations":[{"start":{"line":106,"column":4},"end":{"line":110,"column":5}},{"start":{},"end":{}}],"line":106},"8":{"loc":{"start":{"line":106,"column":8},"end":{"line":106,"column":31}},"type":"binary-expr","locations":[{"start":{"line":106,"column":8},"end":{"line":106,"column":19}},{"start":{"line":106,"column":23},"end":{"line":106,"column":31}}],"line":106},"9":{"loc":{"start":{"line":166,"column":8},"end":{"line":175,"column":9}},"type":"if","locations":[{"start":{"line":166,"column":8},"end":{"line":175,"column":9}},{"start":{"line":172,"column":15},"end":{"line":175,"column":9}}],"line":166},"10":{"loc":{"start":{"line":168,"column":10},"end":{"line":171,"column":11}},"type":"if","locations":[{"start":{"line":168,"column":10},"end":{"line":171,"column":11}},{"start":{},"end":{}}],"line":168},"11":{"loc":{"start":{"line":174,"column":10},"end":{"line":174,"column":66}},"type":"if","locations":[{"start":{"line":174,"column":10},"end":{"line":174,"column":66}},{"start":{},"end":{}}],"line":174},"12":{"loc":{"start":{"line":176,"column":8},"end":{"line":185,"column":9}},"type":"if","locations":[{"start":{"line":176,"column":8},"end":{"line":185,"column":9}},{"start":{"line":182,"column":15},"end":{"line":185,"column":9}}],"line":176},"13":{"loc":{"start":{"line":178,"column":10},"end":{"line":181,"column":11}},"type":"if","locations":[{"start":{"line":178,"column":10},"end":{"line":181,"column":11}},{"start":{},"end":{}}],"line":178},"14":{"loc":{"start":{"line":184,"column":10},"end":{"line":184,"column":67}},"type":"if","locations":[{"start":{"line":184,"column":10},"end":{"line":184,"column":67}},{"start":{},"end":{}}],"line":184},"15":{"loc":{"start":{"line":209,"column":17},"end":{"line":213,"column":43}},"type":"cond-expr","locations":[{"start":{"line":210,"column":8},"end":{"line":210,"column":25}},{"start":{"line":211,"column":8},"end":{"line":213,"column":43}}],"line":209},"16":{"loc":{"start":{"line":211,"column":8},"end":{"line":213,"column":43}},"type":"cond-expr","locations":[{"start":{"line":212,"column":10},"end":{"line":212,"column":67}},{"start":{"line":213,"column":10},"end":{"line":213,"column":43}}],"line":211},"17":{"loc":{"start":{"line":216,"column":19},"end":{"line":216,"column":37}},"type":"cond-expr","locations":[{"start":{"line":216,"column":32},"end":{"line":216,"column":33}},{"start":{"line":216,"column":36},"end":{"line":216,"column":37}}],"line":216},"18":{"loc":{"start":{"line":217,"column":18},"end":{"line":217,"column":55}},"type":"cond-expr","locations":[{"start":{"line":217,"column":31},"end":{"line":217,"column":51}},{"start":{"line":217,"column":54},"end":{"line":217,"column":55}}],"line":217},"19":{"loc":{"start":{"line":218,"column":15},"end":{"line":218,"column":33}},"type":"cond-expr","locations":[{"start":{"line":218,"column":28},"end":{"line":218,"column":29}},{"start":{"line":218,"column":32},"end":{"line":218,"column":33}}],"line":218},"20":{"loc":{"start":{"line":232,"column":11},"end":{"line":274,"column":11}},"type":"binary-expr","locations":[{"start":{"line":232,"column":11},"end":{"line":232,"column":27}},{"start":{"line":233,"column":12},"end":{"line":273,"column":19}}],"line":232},"21":{"loc":{"start":{"line":326,"column":7},"end":{"line":353,"column":7}},"type":"binary-expr","locations":[{"start":{"line":326,"column":7},"end":{"line":326,"column":15}},{"start":{"line":327,"column":8},"end":{"line":352,"column":11}}],"line":326},"22":{"loc":{"start":{"line":357,"column":2},"end":{"line":367,"column":3}},"type":"if","locations":[{"start":{"line":357,"column":2},"end":{"line":367,"column":3}},{"start":{},"end":{}}],"line":357}},"s":{"0":1,"1":1,"2":1,"3":1,"4":1,"5":1,"6":5,"7":2,"8":5,"9":5,"10":5,"11":5,"12":5,"13":5,"14":5,"15":5,"16":5,"17":5,"18":5,"19":5,"20":5,"21":5,"22":5,"23":5,"24":5,"25":5,"26":5,"27":5,"28":5,"29":0,"30":5,"31":0,"32":5,"33":0,"34":5,"35":0,"36":0,"37":0,"38":0,"39":0,"40":20,"41":0,"42":0,"43":0,"44":0,"45":0,"46":0,"47":0,"48":0,"49":0,"50":0,"51":0,"52":0,"53":0,"54":0,"55":0,"56":0,"57":0,"58":0,"59":0,"60":0,"61":0,"62":5,"63":5,"64":5,"65":5,"66":5,"67":5,"68":5,"69":0,"70":5,"71":5,"72":5,"73":1,"74":4,"75":1},"f":{"0":5,"1":2,"2":5,"3":5,"4":0,"5":0,"6":0,"7":0,"8":0,"9":20,"10":0,"11":0,"12":0,"13":5,"14":0},"b":{"0":[2,3],"1":[2,3],"2":[2,3],"3":[1,4],"4":[1,4],"5":[0,5],"6":[0,5],"7":[5,0],"8":[5,0],"9":[0,0],"10":[0,0],"11":[0,0],"12":[0,0],"13":[0,0],"14":[0,0],"15":[1,4],"16":[0,4],"17":[0,5],"18":[0,5],"19":[0,5],"20":[5,2],"21":[5,1],"22":[1,4]},"_coverageSchema":"1a1c01bbd47fc00a2c39e90264f33305004495a9","hash":"42d35c0c85dd357ab1842bf09033bbf2a8d69040"}
,"/home/ahmed/mobile-app/app/components/garden/PlantDetailModal.tsx": {"path":"/home/ahmed/mobile-app/app/components/garden/PlantDetailModal.tsx","statementMap":{"0":{"start":{"line":18,"column":32},"end":{"line":18,"column":56}},"1":{"start":{"line":31,"column":2},"end":{"line":31,"column":43}},"2":{"start":{"line":31,"column":28},"end":{"line":31,"column":43}},"3":{"start":{"line":32,"column":2},"end":{"line":32,"column":45}},"4":{"start":{"line":32,"column":29},"end":{"line":32,"column":45}},"5":{"start":{"line":33,"column":2},"end":{"line":33,"column":28}},"6":{"start":{"line":44,"column":32},"end":{"line":44,"column":47}},"7":{"start":{"line":45,"column":52},"end":{"line":45,"column":84}},"8":{"start":{"line":46,"column":30},"end":{"line":46,"column":42}},"9":{"start":{"line":48,"column":2},"end":{"line":54,"column":31}},"10":{"start":{"line":49,"column":4},"end":{"line":53,"column":5}},"11":{"start":{"line":50,"column":6},"end":{"line":50,"column":44}},"12":{"start":{"line":51,"column":6},"end":{"line":51,"column":20}},"13":{"start":{"line":52,"column":6},"end":{"line":52,"column":34}},"14":{"start":{"line":56,"column":2},"end":{"line":56,"column":26}},"15":{"start":{"line":56,"column":14},"end":{"line":56,"column":26}},"16":{"start":{"line":58,"column":20},"end":{"line":58,"column":46}},"17":{"start":{"line":59,"column":22},"end":{"line":59,"column":58}},"18":{"start":{"line":61,"column":26},"end":{"line":63,"column":19}},"19":{"start":{"line":62,"column":34},"end":{"line":62,"column":92}},"20":{"start":{"line":65,"column":22},"end":{"line":68,"column":3}},"21":{"start":{"line":66,"column":4},"end":{"line":66,"column":22}},"22":{"start":{"line":67,"column":4},"end":{"line":67,"column":14}},"23":{"start":{"line":70,"column":21},"end":{"line":73,"column":3}},"24":{"start":{"line":71,"column":4},"end":{"line":71,"column":64}},"25":{"start":{"line":72,"column":4},"end":{"line":72,"column":18}},"26":{"start":{"line":75,"column":2},"end":{"line":211,"column":4}},"27":{"start":{"line":87,"column":101},"end":{"line":87,"column":105}},"28":{"start":{"line":117,"column":51},"end":{"line":117,"column":64}},"29":{"start":{"line":125,"column":40},"end":{"line":125,"column":47}},"30":{"start":{"line":138,"column":37},"end":{"line":138,"column":63}},"31":{"start":{"line":139,"column":18},"end":{"line":157,"column":20}},"32":{"start":{"line":145,"column":37},"end":{"line":145,"column":63}},"33":{"start":{"line":186,"column":33},"end":{"line":186,"column":75}},"34":{"start":{"line":186,"column":52},"end":{"line":186,"column":74}},"35":{"start":{"line":187,"column":18},"end":{"line":196,"column":20}},"36":{"start":{"line":201,"column":100},"end":{"line":201,"column":118}},"37":{"start":{"line":214,"column":15},"end":{"line":482,"column":2}}},"fnMap":{"0":{"name":"getCategoryLabel","decl":{"start":{"line":30,"column":9},"end":{"line":30,"column":25}},"loc":{"start":{"line":30,"column":52},"end":{"line":34,"column":1}},"line":30},"1":{"name":"PlantDetailModal","decl":{"start":{"line":36,"column":16},"end":{"line":36,"column":32}},"loc":{"start":{"line":43,"column":26},"end":{"line":212,"column":1}},"line":43},"2":{"name":"(anonymous_2)","decl":{"start":{"line":48,"column":12},"end":{"line":48,"column":13}},"loc":{"start":{"line":48,"column":18},"end":{"line":54,"column":3}},"line":48},"3":{"name":"(anonymous_3)","decl":{"start":{"line":62,"column":27},"end":{"line":62,"column":28}},"loc":{"start":{"line":62,"column":34},"end":{"line":62,"column":92}},"line":62},"4":{"name":"(anonymous_4)","decl":{"start":{"line":65,"column":22},"end":{"line":65,"column":23}},"loc":{"start":{"line":65,"column":28},"end":{"line":68,"column":3}},"line":65},"5":{"name":"(anonymous_5)","decl":{"start":{"line":70,"column":21},"end":{"line":70,"column":22}},"loc":{"start":{"line":70,"column":27},"end":{"line":73,"column":3}},"line":70},"6":{"name":"(anonymous_6)","decl":{"start":{"line":87,"column":95},"end":{"line":87,"column":96}},"loc":{"start":{"line":87,"column":101},"end":{"line":87,"column":105}},"line":87},"7":{"name":"(anonymous_7)","decl":{"start":{"line":117,"column":45},"end":{"line":117,"column":46}},"loc":{"start":{"line":117,"column":51},"end":{"line":117,"column":64}},"line":117},"8":{"name":"(anonymous_8)","decl":{"start":{"line":125,"column":30},"end":{"line":125,"column":31}},"loc":{"start":{"line":125,"column":40},"end":{"line":125,"column":47}},"line":125},"9":{"name":"(anonymous_9)","decl":{"start":{"line":137,"column":28},"end":{"line":137,"column":29}},"loc":{"start":{"line":137,"column":42},"end":{"line":158,"column":17}},"line":137},"10":{"name":"(anonymous_10)","decl":{"start":{"line":145,"column":31},"end":{"line":145,"column":32}},"loc":{"start":{"line":145,"column":37},"end":{"line":145,"column":63}},"line":145},"11":{"name":"(anonymous_11)","decl":{"start":{"line":185,"column":18},"end":{"line":185,"column":19}},"loc":{"start":{"line":185,"column":24},"end":{"line":197,"column":17}},"line":185},"12":{"name":"(anonymous_12)","decl":{"start":{"line":186,"column":45},"end":{"line":186,"column":46}},"loc":{"start":{"line":186,"column":52},"end":{"line":186,"column":74}},"line":186},"13":{"name":"(anonymous_13)","decl":{"start":{"line":201,"column":94},"end":{"line":201,"column":95}},"loc":{"start":{"line":201,"column":100},"end":{"line":201,"column":118}},"line":201}},"branchMap":{"0":{"loc":{"start":{"line":31,"column":2},"end":{"line":31,"column":43}},"type":"if","locations":[{"start":{"line":31,"column":2},"end":{"line":31,"column":43}},{"start":{},"end":{}}],"line":31},"1":{"loc":{"start":{"line":32,"column":2},"end":{"line":32,"column":45}},"type":"if","locations":[{"start":{"line":32,"column":2},"end":{"line":32,"column":45}},{"start":{},"end":{}}],"line":32},"2":{"loc":{"start":{"line":39,"column":2},"end":{"line":39,"column":25}},"type":"default-arg","locations":[{"start":{"line":39,"column":20},"end":{"line":39,"column":25}}],"line":39},"3":{"loc":{"start":{"line":49,"column":4},"end":{"line":53,"column":5}},"type":"if","locations":[{"start":{"line":49,"column":4},"end":{"line":53,"column":5}},{"start":{},"end":{}}],"line":49},"4":{"loc":{"start":{"line":56,"column":2},"end":{"line":56,"column":26}},"type":"if","locations":[{"start":{"line":56,"column":2},"end":{"line":56,"column":26}},{"start":{},"end":{}}],"line":56},"5":{"loc":{"start":{"line":58,"column":20},"end":{"line":58,"column":46}},"type":"binary-expr","locations":[{"start":{"line":58,"column":20},"end":{"line":58,"column":27}},{"start":{"line":58,"column":31},"end":{"line":58,"column":46}}],"line":58},"6":{"loc":{"start":{"line":59,"column":22},"end":{"line":59,"column":58}},"type":"binary-expr","locations":[{"start":{"line":59,"column":22},"end":{"line":59,"column":39}},{"start":{"line":59,"column":43},"end":{"line":59,"column":58}}],"line":59},"7":{"loc":{"start":{"line":61,"column":26},"end":{"line":63,"column":19}},"type":"cond-expr","locations":[{"start":{"line":62,"column":6},"end":{"line":62,"column":93}},{"start":{"line":63,"column":6},"end":{"line":63,"column":19}}],"line":61},"8":{"loc":{"start":{"line":78,"column":21},"end":{"line":78,"column":49}},"type":"cond-expr","locations":[{"start":{"line":78,"column":33},"end":{"line":78,"column":40}},{"start":{"line":78,"column":43},"end":{"line":78,"column":49}}],"line":78},"9":{"loc":{"start":{"line":83,"column":32},"end":{"line":83,"column":63}},"type":"binary-expr","locations":[{"start":{"line":83,"column":32},"end":{"line":83,"column":41}},{"start":{"line":83,"column":45},"end":{"line":83,"column":63}}],"line":83},"10":{"loc":{"start":{"line":87,"column":36},"end":{"line":87,"column":65}},"type":"binary-expr","locations":[{"start":{"line":87,"column":36},"end":{"line":87,"column":45}},{"start":{"line":87,"column":49},"end":{"line":87,"column":65}}],"line":87},"11":{"loc":{"start":{"line":88,"column":11},"end":{"line":207,"column":11}},"type":"cond-expr","locations":[{"start":{"line":89,"column":12},"end":{"line":170,"column":15}},{"start":{"line":172,"column":12},"end":{"line":206,"column":15}}],"line":88},"12":{"loc":{"start":{"line":116,"column":17},"end":{"line":120,"column":17}},"type":"binary-expr","locations":[{"start":{"line":116,"column":17},"end":{"line":116,"column":34}},{"start":{"line":117,"column":18},"end":{"line":119,"column":37}}],"line":116},"13":{"loc":{"start":{"line":143,"column":52},"end":{"line":143,"column":94}},"type":"binary-expr","locations":[{"start":{"line":143,"column":52},"end":{"line":143,"column":62}},{"start":{"line":143,"column":66},"end":{"line":143,"column":94}}],"line":143},"14":{"loc":{"start":{"line":148,"column":54},"end":{"line":148,"column":92}},"type":"binary-expr","locations":[{"start":{"line":148,"column":54},"end":{"line":148,"column":64}},{"start":{"line":148,"column":68},"end":{"line":148,"column":92}}],"line":148},"15":{"loc":{"start":{"line":151,"column":23},"end":{"line":155,"column":23}},"type":"binary-expr","locations":[{"start":{"line":151,"column":23},"end":{"line":151,"column":33}},{"start":{"line":152,"column":24},"end":{"line":154,"column":31}}],"line":151},"16":{"loc":{"start":{"line":187,"column":25},"end":{"line":196,"column":19}},"type":"cond-expr","locations":[{"start":{"line":188,"column":20},"end":{"line":193,"column":27}},{"start":{"line":195,"column":20},"end":{"line":195,"column":98}}],"line":187}},"s":{"0":1,"1":14,"2":0,"3":14,"4":14,"5":0,"6":15,"7":15,"8":15,"9":15,"10":7,"11":6,"12":6,"13":6,"14":15,"15":1,"16":14,"17":14,"18":14,"19":0,"20":14,"21":2,"22":2,"23":14,"24":0,"25":0,"26":14,"27":0,"28":0,"29":0,"30":0,"31":0,"32":0,"33":14,"34":4,"35":14,"36":1,"37":1},"f":{"0":14,"1":15,"2":7,"3":0,"4":2,"5":0,"6":0,"7":0,"8":0,"9":0,"10":0,"11":14,"12":4,"13":1},"b":{"0":[0,14],"1":[14,0],"2":[15],"3":[6,1],"4":[1,14],"5":[14,14],"6":[14,6],"7":[0,14],"8":[0,14],"9":[14,0],"10":[14,0],"11":[0,14],"12":[0,0],"13":[0,0],"14":[0,0],"15":[0,0],"16":[2,12]},"_coverageSchema":"1a1c01bbd47fc00a2c39e90264f33305004495a9","hash":"74628c806fe9e8b003bf5049e07410061d3b1f24"}
,"/home/ahmed/mobile-app/app/components/garden/PlantEditModal.tsx": {"path":"/home/ahmed/mobile-app/app/components/garden/PlantEditModal.tsx","statementMap":{"0":{"start":{"line":15,"column":32},"end":{"line":15,"column":56}},"1":{"start":{"line":28,"column":36},"end":{"line":28,"column":48}},"2":{"start":{"line":29,"column":40},"end":{"line":29,"column":52}},"3":{"start":{"line":30,"column":44},"end":{"line":30,"column":56}},"4":{"start":{"line":31,"column":30},"end":{"line":31,"column":42}},"5":{"start":{"line":33,"column":4},"end":{"line":40,"column":16}},"6":{"start":{"line":34,"column":8},"end":{"line":39,"column":9}},"7":{"start":{"line":35,"column":12},"end":{"line":35,"column":45}},"8":{"start":{"line":36,"column":12},"end":{"line":36,"column":48}},"9":{"start":{"line":37,"column":12},"end":{"line":37,"column":52}},"10":{"start":{"line":38,"column":12},"end":{"line":38,"column":25}},"11":{"start":{"line":42,"column":23},"end":{"line":62,"column":5}},"12":{"start":{"line":43,"column":8},"end":{"line":43,"column":27}},"13":{"start":{"line":43,"column":20},"end":{"line":43,"column":27}},"14":{"start":{"line":44,"column":18},"end":{"line":44,"column":52}},"15":{"start":{"line":45,"column":18},"end":{"line":45,"column":54}},"16":{"start":{"line":46,"column":18},"end":{"line":46,"column":45}},"17":{"start":{"line":47,"column":8},"end":{"line":50,"column":9}},"18":{"start":{"line":48,"column":12},"end":{"line":48,"column":47}},"19":{"start":{"line":49,"column":12},"end":{"line":49,"column":19}},"20":{"start":{"line":51,"column":8},"end":{"line":54,"column":9}},"21":{"start":{"line":52,"column":12},"end":{"line":52,"column":46}},"22":{"start":{"line":53,"column":12},"end":{"line":53,"column":19}},"23":{"start":{"line":55,"column":8},"end":{"line":60,"column":10}},"24":{"start":{"line":61,"column":8},"end":{"line":61,"column":18}},"25":{"start":{"line":64,"column":4},"end":{"line":128,"column":6}},"26":{"start":{"line":110,"column":36},"end":{"line":110,"column":55}},"27":{"start":{"line":111,"column":36},"end":{"line":111,"column":49}},"28":{"start":{"line":131,"column":15},"end":{"line":196,"column":2}}},"fnMap":{"0":{"name":"PlantEditModal","decl":{"start":{"line":23,"column":16},"end":{"line":23,"column":30}},"loc":{"start":{"line":27,"column":24},"end":{"line":129,"column":1}},"line":27},"1":{"name":"(anonymous_1)","decl":{"start":{"line":33,"column":14},"end":{"line":33,"column":15}},"loc":{"start":{"line":33,"column":20},"end":{"line":40,"column":5}},"line":33},"2":{"name":"(anonymous_2)","decl":{"start":{"line":42,"column":23},"end":{"line":42,"column":24}},"loc":{"start":{"line":42,"column":29},"end":{"line":62,"column":5}},"line":42},"3":{"name":"(anonymous_3)","decl":{"start":{"line":109,"column":46},"end":{"line":109,"column":47}},"loc":{"start":{"line":109,"column":53},"end":{"line":112,"column":33}},"line":109}},"branchMap":{"0":{"loc":{"start":{"line":34,"column":8},"end":{"line":39,"column":9}},"type":"if","locations":[{"start":{"line":34,"column":8},"end":{"line":39,"column":9}},{"start":{},"end":{}}],"line":34},"1":{"loc":{"start":{"line":43,"column":8},"end":{"line":43,"column":27}},"type":"if","locations":[{"start":{"line":43,"column":8},"end":{"line":43,"column":27}},{"start":{},"end":{}}],"line":43},"2":{"loc":{"start":{"line":44,"column":18},"end":{"line":44,"column":52}},"type":"binary-expr","locations":[{"start":{"line":44,"column":18},"end":{"line":44,"column":36}},{"start":{"line":44,"column":40},"end":{"line":44,"column":52}}],"line":44},"3":{"loc":{"start":{"line":45,"column":18},"end":{"line":45,"column":54}},"type":"binary-expr","locations":[{"start":{"line":45,"column":18},"end":{"line":45,"column":38}},{"start":{"line":45,"column":42},"end":{"line":45,"column":54}}],"line":45},"4":{"loc":{"start":{"line":46,"column":18},"end":{"line":46,"column":45}},"type":"binary-expr","locations":[{"start":{"line":46,"column":18},"end":{"line":46,"column":40}},{"start":{"line":46,"column":44},"end":{"line":46,"column":45}}],"line":46},"5":{"loc":{"start":{"line":47,"column":8},"end":{"line":50,"column":9}},"type":"if","locations":[{"start":{"line":47,"column":8},"end":{"line":50,"column":9}},{"start":{},"end":{}}],"line":47},"6":{"loc":{"start":{"line":51,"column":8},"end":{"line":54,"column":9}},"type":"if","locations":[{"start":{"line":51,"column":8},"end":{"line":54,"column":9}},{"start":{},"end":{}}],"line":51},"7":{"loc":{"start":{"line":74,"column":21},"end":{"line":78,"column":21}},"type":"binary-expr","locations":[{"start":{"line":74,"column":21},"end":{"line":74,"column":26}},{"start":{"line":75,"column":24},"end":{"line":77,"column":31}}],"line":74},"8":{"loc":{"start":{"line":118,"column":21},"end":{"line":118,"column":77}},"type":"cond-expr","locations":[{"start":{"line":118,"column":29},"end":{"line":118,"column":70}},{"start":{"line":118,"column":73},"end":{"line":118,"column":77}}],"line":118}},"s":{"0":1,"1":5,"2":5,"3":5,"4":5,"5":5,"6":3,"7":2,"8":2,"9":2,"10":2,"11":5,"12":1,"13":0,"14":1,"15":1,"16":1,"17":1,"18":0,"19":0,"20":1,"21":0,"22":0,"23":1,"24":1,"25":5,"26":0,"27":0,"28":1},"f":{"0":5,"1":3,"2":1,"3":0},"b":{"0":[2,1],"1":[0,1],"2":[1,0],"3":[1,0],"4":[1,0],"5":[0,1],"6":[0,1],"7":[5,4],"8":[0,5]},"_coverageSchema":"1a1c01bbd47fc00a2c39e90264f33305004495a9","hash":"f7a849e13112bb0031c081d413dbe25891989102"}
,"/home/ahmed/mobile-app/app/components/garden/SondeListModal.tsx": {"path":"/home/ahmed/mobile-app/app/components/garden/SondeListModal.tsx","statementMap":{"0":{"start":{"line":19,"column":34},"end":{"line":19,"column":58}},"1":{"start":{"line":36,"column":28},"end":{"line":36,"column":50}},"2":{"start":{"line":37,"column":50},"end":{"line":37,"column":79}},"3":{"start":{"line":38,"column":50},"end":{"line":38,"column":79}},"4":{"start":{"line":39,"column":46},"end":{"line":39,"column":61}},"5":{"start":{"line":40,"column":40},"end":{"line":40,"column":69}},"6":{"start":{"line":42,"column":4},"end":{"line":70,"column":18}},"7":{"start":{"line":43,"column":8},"end":{"line":45,"column":9}},"8":{"start":{"line":44,"column":12},"end":{"line":44,"column":19}},"9":{"start":{"line":47,"column":25},"end":{"line":67,"column":9}},"10":{"start":{"line":48,"column":12},"end":{"line":48,"column":32}},"11":{"start":{"line":49,"column":12},"end":{"line":66,"column":13}},"12":{"start":{"line":50,"column":29},"end":{"line":50,"column":45}},"13":{"start":{"line":51,"column":30},"end":{"line":53,"column":54}},"14":{"start":{"line":52,"column":34},"end":{"line":52,"column":45}},"15":{"start":{"line":53,"column":38},"end":{"line":53,"column":53}},"16":{"start":{"line":54,"column":16},"end":{"line":54,"column":31}},"17":{"start":{"line":55,"column":16},"end":{"line":57,"column":17}},"18":{"start":{"line":56,"column":20},"end":{"line":56,"column":49}},"19":{"start":{"line":59,"column":16},"end":{"line":63,"column":18}},"20":{"start":{"line":64,"column":16},"end":{"line":64,"column":28}},"21":{"start":{"line":65,"column":16},"end":{"line":65,"column":41}},"22":{"start":{"line":69,"column":8},"end":{"line":69,"column":24}},"23":{"start":{"line":72,"column":4},"end":{"line":77,"column":35}},"24":{"start":{"line":73,"column":8},"end":{"line":75,"column":9}},"25":{"start":{"line":74,"column":12},"end":{"line":74,"column":19}},"26":{"start":{"line":76,"column":8},"end":{"line":76,"column":41}},"27":{"start":{"line":79,"column":23},"end":{"line":99,"column":5}},"28":{"start":{"line":80,"column":8},"end":{"line":80,"column":31}},"29":{"start":{"line":81,"column":8},"end":{"line":81,"column":28}},"30":{"start":{"line":82,"column":8},"end":{"line":98,"column":9}},"31":{"start":{"line":83,"column":27},"end":{"line":83,"column":62}},"32":{"start":{"line":84,"column":33},"end":{"line":84,"column":65}},"33":{"start":{"line":85,"column":12},"end":{"line":87,"column":13}},"34":{"start":{"line":86,"column":16},"end":{"line":86,"column":54}},"35":{"start":{"line":88,"column":12},"end":{"line":88,"column":66}},"36":{"start":{"line":90,"column":12},"end":{"line":94,"column":14}},"37":{"start":{"line":95,"column":12},"end":{"line":95,"column":35}},"38":{"start":{"line":97,"column":12},"end":{"line":97,"column":36}},"39":{"start":{"line":101,"column":30},"end":{"line":107,"column":5}},"40":{"start":{"line":102,"column":25},"end":{"line":102,"column":64}},"41":{"start":{"line":102,"column":44},"end":{"line":102,"column":63}},"42":{"start":{"line":103,"column":8},"end":{"line":105,"column":9}},"43":{"start":{"line":104,"column":12},"end":{"line":104,"column":19}},"44":{"start":{"line":106,"column":8},"end":{"line":106,"column":69}},"45":{"start":{"line":109,"column":33},"end":{"line":111,"column":5}},"46":{"start":{"line":110,"column":30},"end":{"line":110,"column":54}},"47":{"start":{"line":113,"column":34},"end":{"line":127,"column":5}},"48":{"start":{"line":116,"column":16},"end":{"line":118,"column":17}},"49":{"start":{"line":117,"column":20},"end":{"line":117,"column":32}},"50":{"start":{"line":119,"column":40},"end":{"line":119,"column":79}},"51":{"start":{"line":120,"column":16},"end":{"line":122,"column":17}},"52":{"start":{"line":121,"column":20},"end":{"line":121,"column":43}},"53":{"start":{"line":123,"column":39},"end":{"line":123,"column":85}},"54":{"start":{"line":123,"column":58},"end":{"line":123,"column":84}},"55":{"start":{"line":124,"column":16},"end":{"line":124,"column":54}},"56":{"start":{"line":126,"column":50},"end":{"line":126,"column":97}},"57":{"start":{"line":129,"column":4},"end":{"line":229,"column":6}},"58":{"start":{"line":153,"column":40},"end":{"line":155,"column":41}},"59":{"start":{"line":154,"column":44},"end":{"line":154,"column":77}},"60":{"start":{"line":166,"column":40},"end":{"line":182,"column":59}},"61":{"start":{"line":172,"column":59},"end":{"line":172,"column":86}},"62":{"start":{"line":197,"column":58},"end":{"line":197,"column":97}},"63":{"start":{"line":198,"column":36},"end":{"line":221,"column":38}},"64":{"start":{"line":202,"column":59},"end":{"line":202,"column":90}},"65":{"start":{"line":232,"column":15},"end":{"line":326,"column":2}}},"fnMap":{"0":{"name":"SondeListModal","decl":{"start":{"line":29,"column":16},"end":{"line":29,"column":30}},"loc":{"start":{"line":35,"column":24},"end":{"line":230,"column":1}},"line":35},"1":{"name":"(anonymous_1)","decl":{"start":{"line":42,"column":14},"end":{"line":42,"column":15}},"loc":{"start":{"line":42,"column":20},"end":{"line":70,"column":5}},"line":42},"2":{"name":"(anonymous_2)","decl":{"start":{"line":47,"column":25},"end":{"line":47,"column":26}},"loc":{"start":{"line":47,"column":37},"end":{"line":67,"column":9}},"line":47},"3":{"name":"(anonymous_3)","decl":{"start":{"line":52,"column":25},"end":{"line":52,"column":26}},"loc":{"start":{"line":52,"column":34},"end":{"line":52,"column":45}},"line":52},"4":{"name":"(anonymous_4)","decl":{"start":{"line":53,"column":28},"end":{"line":53,"column":29}},"loc":{"start":{"line":53,"column":38},"end":{"line":53,"column":53}},"line":53},"5":{"name":"(anonymous_5)","decl":{"start":{"line":72,"column":14},"end":{"line":72,"column":15}},"loc":{"start":{"line":72,"column":20},"end":{"line":77,"column":5}},"line":72},"6":{"name":"(anonymous_6)","decl":{"start":{"line":79,"column":23},"end":{"line":79,"column":24}},"loc":{"start":{"line":79,"column":50},"end":{"line":99,"column":5}},"line":79},"7":{"name":"(anonymous_7)","decl":{"start":{"line":101,"column":30},"end":{"line":101,"column":31}},"loc":{"start":{"line":101,"column":50},"end":{"line":107,"column":5}},"line":101},"8":{"name":"(anonymous_8)","decl":{"start":{"line":102,"column":37},"end":{"line":102,"column":38}},"loc":{"start":{"line":102,"column":44},"end":{"line":102,"column":63}},"line":102},"9":{"name":"(anonymous_9)","decl":{"start":{"line":110,"column":19},"end":{"line":110,"column":20}},"loc":{"start":{"line":110,"column":30},"end":{"line":110,"column":54}},"line":110},"10":{"name":"(anonymous_10)","decl":{"start":{"line":115,"column":17},"end":{"line":115,"column":18}},"loc":{"start":{"line":115,"column":28},"end":{"line":125,"column":13}},"line":115},"11":{"name":"(anonymous_11)","decl":{"start":{"line":123,"column":51},"end":{"line":123,"column":52}},"loc":{"start":{"line":123,"column":58},"end":{"line":123,"column":84}},"line":123},"12":{"name":"(anonymous_12)","decl":{"start":{"line":126,"column":20},"end":{"line":126,"column":21}},"loc":{"start":{"line":126,"column":50},"end":{"line":126,"column":97}},"line":126},"13":{"name":"(anonymous_13)","decl":{"start":{"line":152,"column":45},"end":{"line":152,"column":46}},"loc":{"start":{"line":152,"column":51},"end":{"line":156,"column":37}},"line":152},"14":{"name":"(anonymous_14)","decl":{"start":{"line":165,"column":46},"end":{"line":165,"column":47}},"loc":{"start":{"line":166,"column":40},"end":{"line":182,"column":59}},"line":166},"15":{"name":"(anonymous_15)","decl":{"start":{"line":172,"column":53},"end":{"line":172,"column":54}},"loc":{"start":{"line":172,"column":59},"end":{"line":172,"column":86}},"line":172},"16":{"name":"(anonymous_16)","decl":{"start":{"line":196,"column":52},"end":{"line":196,"column":53}},"loc":{"start":{"line":196,"column":63},"end":{"line":222,"column":33}},"line":196},"17":{"name":"(anonymous_17)","decl":{"start":{"line":202,"column":53},"end":{"line":202,"column":54}},"loc":{"start":{"line":202,"column":59},"end":{"line":202,"column":90}},"line":202}},"branchMap":{"0":{"loc":{"start":{"line":43,"column":8},"end":{"line":45,"column":9}},"type":"if","locations":[{"start":{"line":43,"column":8},"end":{"line":45,"column":9}},{"start":{},"end":{}}],"line":43},"1":{"loc":{"start":{"line":55,"column":16},"end":{"line":57,"column":17}},"type":"if","locations":[{"start":{"line":55,"column":16},"end":{"line":57,"column":17}},{"start":{},"end":{}}],"line":55},"2":{"loc":{"start":{"line":60,"column":20},"end":{"line":62,"column":59}},"type":"cond-expr","locations":[{"start":{"line":61,"column":26},"end":{"line":61,"column":37}},{"start":{"line":62,"column":26},"end":{"line":62,"column":59}}],"line":60},"3":{"loc":{"start":{"line":73,"column":8},"end":{"line":75,"column":9}},"type":"if","locations":[{"start":{"line":73,"column":8},"end":{"line":75,"column":9}},{"start":{},"end":{}}],"line":73},"4":{"loc":{"start":{"line":73,"column":12},"end":{"line":73,"column":40}},"type":"binary-expr","locations":[{"start":{"line":73,"column":12},"end":{"line":73,"column":20}},{"start":{"line":73,"column":24},"end":{"line":73,"column":40}}],"line":73},"5":{"loc":{"start":{"line":91,"column":16},"end":{"line":93,"column":69}},"type":"cond-expr","locations":[{"start":{"line":92,"column":22},"end":{"line":92,"column":33}},{"start":{"line":93,"column":22},"end":{"line":93,"column":69}}],"line":91},"6":{"loc":{"start":{"line":103,"column":8},"end":{"line":105,"column":9}},"type":"if","locations":[{"start":{"line":103,"column":8},"end":{"line":105,"column":9}},{"start":{},"end":{}}],"line":103},"7":{"loc":{"start":{"line":106,"column":41},"end":{"line":106,"column":65}},"type":"binary-expr","locations":[{"start":{"line":106,"column":41},"end":{"line":106,"column":56}},{"start":{"line":106,"column":60},"end":{"line":106,"column":65}}],"line":106},"8":{"loc":{"start":{"line":116,"column":16},"end":{"line":118,"column":17}},"type":"if","locations":[{"start":{"line":116,"column":16},"end":{"line":118,"column":17}},{"start":{},"end":{}}],"line":116},"9":{"loc":{"start":{"line":120,"column":16},"end":{"line":122,"column":17}},"type":"if","locations":[{"start":{"line":120,"column":16},"end":{"line":122,"column":17}},{"start":{},"end":{}}],"line":120},"10":{"loc":{"start":{"line":124,"column":23},"end":{"line":124,"column":53}},"type":"binary-expr","locations":[{"start":{"line":124,"column":23},"end":{"line":124,"column":45}},{"start":{"line":124,"column":49},"end":{"line":124,"column":53}}],"line":124},"11":{"loc":{"start":{"line":126,"column":50},"end":{"line":126,"column":97}},"type":"binary-expr","locations":[{"start":{"line":126,"column":50},"end":{"line":126,"column":76}},{"start":{"line":126,"column":80},"end":{"line":126,"column":97}}],"line":126},"12":{"loc":{"start":{"line":133,"column":26},"end":{"line":133,"column":70}},"type":"cond-expr","locations":[{"start":{"line":133,"column":50},"end":{"line":133,"column":59}},{"start":{"line":133,"column":62},"end":{"line":133,"column":70}}],"line":133},"13":{"loc":{"start":{"line":153,"column":40},"end":{"line":155,"column":41}},"type":"if","locations":[{"start":{"line":153,"column":40},"end":{"line":155,"column":41}},{"start":{},"end":{}}],"line":153},"14":{"loc":{"start":{"line":163,"column":29},"end":{"line":185,"column":36}},"type":"cond-expr","locations":[{"start":{"line":164,"column":32},"end":{"line":184,"column":45}},{"start":{"line":185,"column":32},"end":{"line":185,"column":36}}],"line":163},"15":{"loc":{"start":{"line":170,"column":48},"end":{"line":170,"column":98}},"type":"binary-expr","locations":[{"start":{"line":170,"column":48},"end":{"line":170,"column":75}},{"start":{"line":170,"column":79},"end":{"line":170,"column":98}}],"line":170},"16":{"loc":{"start":{"line":177,"column":52},"end":{"line":177,"column":106}},"type":"binary-expr","locations":[{"start":{"line":177,"column":52},"end":{"line":177,"column":79}},{"start":{"line":177,"column":83},"end":{"line":177,"column":106}}],"line":177},"17":{"loc":{"start":{"line":187,"column":29},"end":{"line":223,"column":29}},"type":"cond-expr","locations":[{"start":{"line":188,"column":32},"end":{"line":188,"column":94}},{"start":{"line":189,"column":32},"end":{"line":223,"column":29}}],"line":187},"18":{"loc":{"start":{"line":189,"column":32},"end":{"line":223,"column":29}},"type":"cond-expr","locations":[{"start":{"line":190,"column":32},"end":{"line":190,"column":83}},{"start":{"line":191,"column":32},"end":{"line":223,"column":29}}],"line":189},"19":{"loc":{"start":{"line":191,"column":32},"end":{"line":223,"column":29}},"type":"cond-expr","locations":[{"start":{"line":192,"column":32},"end":{"line":194,"column":39}},{"start":{"line":196,"column":32},"end":{"line":222,"column":34}}],"line":191},"20":{"loc":{"start":{"line":209,"column":89},"end":{"line":209,"column":111}},"type":"binary-expr","locations":[{"start":{"line":209,"column":89},"end":{"line":209,"column":104}},{"start":{"line":209,"column":108},"end":{"line":209,"column":111}}],"line":209},"21":{"loc":{"start":{"line":215,"column":52},"end":{"line":215,"column":95}},"type":"binary-expr","locations":[{"start":{"line":215,"column":52},"end":{"line":215,"column":65}},{"start":{"line":215,"column":69},"end":{"line":215,"column":95}}],"line":215},"22":{"loc":{"start":{"line":218,"column":49},"end":{"line":218,"column":91}},"type":"cond-expr","locations":[{"start":{"line":218,"column":65},"end":{"line":218,"column":79}},{"start":{"line":218,"column":82},"end":{"line":218,"column":91}}],"line":218}},"s":{"0":1,"1":24,"2":24,"3":24,"4":24,"5":24,"6":24,"7":6,"8":1,"9":5,"10":5,"11":5,"12":5,"13":4,"14":8,"15":8,"16":4,"17":4,"18":4,"19":1,"20":1,"21":1,"22":5,"23":24,"24":11,"25":6,"26":5,"27":24,"28":6,"29":6,"30":6,"31":6,"32":5,"33":5,"34":15,"35":5,"36":1,"37":1,"38":6,"39":24,"40":1,"41":0,"42":1,"43":0,"44":1,"45":24,"46":4,"47":24,"48":4,"49":0,"50":4,"51":4,"52":4,"53":0,"54":0,"55":0,"56":4,"57":24,"58":1,"59":1,"60":34,"61":1,"62":12,"63":12,"64":1,"65":1},"f":{"0":24,"1":6,"2":5,"3":8,"4":8,"5":11,"6":6,"7":1,"8":0,"9":4,"10":4,"11":0,"12":4,"13":1,"14":34,"15":1,"16":12,"17":1},"b":{"0":[1,5],"1":[4,0],"2":[1,0],"3":[6,5],"4":[11,10],"5":[1,0],"6":[0,1],"7":[1,0],"8":[0,4],"9":[4,0],"10":[0,0],"11":[4,4],"12":[24,0],"13":[1,0],"14":[17,7],"15":[34,17],"16":[34,17],"17":[6,18],"18":[2,16],"19":[10,6],"20":[12,0],"21":[12,1],"22":[1,11]},"_coverageSchema":"1a1c01bbd47fc00a2c39e90264f33305004495a9","hash":"d67a807054544ebac6c67bcac68f1f546fdbe0a3"}
,"/home/ahmed/mobile-app/app/components/garden/ZoomControls.tsx": {"path":"/home/ahmed/mobile-app/app/components/garden/ZoomControls.tsx","statementMap":{"0":{"start":{"line":16,"column":4},"end":{"line":28,"column":6}},"1":{"start":{"line":31,"column":15},"end":{"line":53,"column":2}}},"fnMap":{"0":{"name":"ZoomControls","decl":{"start":{"line":11,"column":16},"end":{"line":11,"column":28}},"loc":{"start":{"line":15,"column":22},"end":{"line":29,"column":1}},"line":15}},"branchMap":{},"s":{"0":4,"1":1},"f":{"0":4},"b":{},"_coverageSchema":"1a1c01bbd47fc00a2c39e90264f33305004495a9","hash":"ea4c1a2570761ae3a6dae183cef591308fbd8e0d"}
,"/home/ahmed/mobile-app/app/constants/garden.ts": {"path":"/home/ahmed/mobile-app/app/constants/garden.ts","statementMap":{"0":{"start":{"line":5,"column":4},"end":{"line":5,"column":28}},"1":{"start":{"line":7,"column":24},"end":{"line":7,"column":28}},"2":{"start":{"line":8,"column":28},"end":{"line":8,"column":31}},"3":{"start":{"line":9,"column":25},"end":{"line":9,"column":26}},"4":{"start":{"line":10,"column":25},"end":{"line":10,"column":26}},"5":{"start":{"line":11,"column":24},"end":{"line":11,"column":26}},"6":{"start":{"line":12,"column":27},"end":{"line":12,"column":42}},"7":{"start":{"line":14,"column":25},"end":{"line":14,"column":29}},"8":{"start":{"line":15,"column":25},"end":{"line":15,"column":26}},"9":{"start":{"line":16,"column":34},"end":{"line":16,"column":39}},"10":{"start":{"line":17,"column":29},"end":{"line":17,"column":31}},"11":{"start":{"line":20,"column":26},"end":{"line":20,"column":27}},"12":{"start":{"line":21,"column":26},"end":{"line":21,"column":52}},"13":{"start":{"line":23,"column":42},"end":{"line":147,"column":1}},"14":{"start":{"line":149,"column":19},"end":{"line":149,"column":21}},"15":{"start":{"line":150,"column":21},"end":{"line":150,"column":69}},"16":{"start":{"line":151,"column":19},"end":{"line":151,"column":32}},"17":{"start":{"line":159,"column":9},"end":{"line":159,"column":11}},"18":{"start":{"line":160,"column":14},"end":{"line":160,"column":15}},"19":{"start":{"line":161,"column":4},"end":{"line":174,"column":5}},"20":{"start":{"line":161,"column":17},"end":{"line":161,"column":18}},"21":{"start":{"line":162,"column":8},"end":{"line":173,"column":9}},"22":{"start":{"line":162,"column":21},"end":{"line":162,"column":22}},"23":{"start":{"line":163,"column":25},"end":{"line":163,"column":35}},"24":{"start":{"line":164,"column":28},"end":{"line":164,"column":43}},"25":{"start":{"line":165,"column":28},"end":{"line":165,"column":49}},"26":{"start":{"line":166,"column":12},"end":{"line":171,"column":15}},"27":{"start":{"line":172,"column":12},"end":{"line":172,"column":18}},"28":{"start":{"line":175,"column":4},"end":{"line":175,"column":23}},"29":{"start":{"line":178,"column":33},"end":{"line":178,"column":59}}},"fnMap":{"0":{"name":"generateGrassDecorations","decl":{"start":{"line":153,"column":9},"end":{"line":153,"column":33}},"loc":{"start":{"line":153,"column":36},"end":{"line":176,"column":1}},"line":153}},"branchMap":{},"s":{"0":6,"1":6,"2":6,"3":6,"4":6,"5":6,"6":6,"7":6,"8":6,"9":6,"10":6,"11":6,"12":6,"13":6,"14":6,"15":6,"16":6,"17":6,"18":6,"19":6,"20":6,"21":138,"22":138,"23":3174,"24":3174,"25":3174,"26":3174,"27":3174,"28":6,"29":6},"f":{"0":6},"b":{},"_coverageSchema":"1a1c01bbd47fc00a2c39e90264f33305004495a9","hash":"774497287213729388bfee4edcbd8a67090aeb0f"}
,"/home/ahmed/mobile-app/app/context/AuthContext.tsx": {"path":"/home/ahmed/mobile-app/app/context/AuthContext.tsx","statementMap":{"0":{"start":{"line":28,"column":8},"end":{"line":28,"column":75}},"1":{"start":{"line":29,"column":17},"end":{"line":29,"column":19}},"2":{"start":{"line":30,"column":18},"end":{"line":30,"column":59}},"3":{"start":{"line":31,"column":19},"end":{"line":31,"column":67}},"4":{"start":{"line":32,"column":4},"end":{"line":40,"column":5}},"5":{"start":{"line":32,"column":17},"end":{"line":32,"column":18}},"6":{"start":{"line":33,"column":18},"end":{"line":33,"column":42}},"7":{"start":{"line":34,"column":18},"end":{"line":34,"column":46}},"8":{"start":{"line":35,"column":18},"end":{"line":35,"column":46}},"9":{"start":{"line":36,"column":18},"end":{"line":36,"column":46}},"10":{"start":{"line":37,"column":8},"end":{"line":37,"column":59}},"11":{"start":{"line":38,"column":8},"end":{"line":38,"column":80}},"12":{"start":{"line":38,"column":22},"end":{"line":38,"column":80}},"13":{"start":{"line":39,"column":8},"end":{"line":39,"column":72}},"14":{"start":{"line":39,"column":22},"end":{"line":39,"column":72}},"15":{"start":{"line":41,"column":4},"end":{"line":41,"column":18}},"16":{"start":{"line":52,"column":4},"end":{"line":58,"column":5}},"17":{"start":{"line":53,"column":22},"end":{"line":53,"column":38}},"18":{"start":{"line":54,"column":8},"end":{"line":54,"column":44}},"19":{"start":{"line":54,"column":32},"end":{"line":54,"column":44}},"20":{"start":{"line":55,"column":8},"end":{"line":55,"column":64}},"21":{"start":{"line":57,"column":8},"end":{"line":57,"column":20}},"22":{"start":{"line":62,"column":4},"end":{"line":62,"column":36}},"23":{"start":{"line":62,"column":23},"end":{"line":62,"column":36}},"24":{"start":{"line":63,"column":4},"end":{"line":63,"column":43}},"25":{"start":{"line":66,"column":20},"end":{"line":66,"column":64}},"26":{"start":{"line":69,"column":30},"end":{"line":74,"column":6}},"27":{"start":{"line":75,"column":19},"end":{"line":75,"column":30}},"28":{"start":{"line":76,"column":21},"end":{"line":76,"column":34}},"29":{"start":{"line":78,"column":4},"end":{"line":96,"column":11}},"30":{"start":{"line":79,"column":8},"end":{"line":95,"column":11}},"31":{"start":{"line":80,"column":28},"end":{"line":80,"column":66}},"32":{"start":{"line":81,"column":28},"end":{"line":81,"column":51}},"33":{"start":{"line":82,"column":12},"end":{"line":85,"column":13}},"34":{"start":{"line":83,"column":16},"end":{"line":83,"column":42}},"35":{"start":{"line":84,"column":16},"end":{"line":84,"column":29}},"36":{"start":{"line":86,"column":12},"end":{"line":94,"column":15}},"37":{"start":{"line":98,"column":4},"end":{"line":107,"column":59}},"38":{"start":{"line":99,"column":8},"end":{"line":99,"column":36}},"39":{"start":{"line":99,"column":29},"end":{"line":99,"column":36}},"40":{"start":{"line":100,"column":28},"end":{"line":100,"column":79}},"41":{"start":{"line":101,"column":28},"end":{"line":101,"column":51}},"42":{"start":{"line":102,"column":8},"end":{"line":106,"column":9}},"43":{"start":{"line":103,"column":12},"end":{"line":103,"column":37}},"44":{"start":{"line":104,"column":15},"end":{"line":106,"column":9}},"45":{"start":{"line":105,"column":12},"end":{"line":105,"column":47}},"46":{"start":{"line":109,"column":18},"end":{"line":118,"column":10}},"47":{"start":{"line":110,"column":20},"end":{"line":110,"column":60}},"48":{"start":{"line":111,"column":24},"end":{"line":111,"column":51}},"49":{"start":{"line":112,"column":8},"end":{"line":117,"column":11}},"50":{"start":{"line":120,"column":21},"end":{"line":123,"column":10}},"51":{"start":{"line":121,"column":8},"end":{"line":121,"column":52}},"52":{"start":{"line":122,"column":8},"end":{"line":122,"column":33}},"53":{"start":{"line":125,"column":19},"end":{"line":133,"column":10}},"54":{"start":{"line":126,"column":8},"end":{"line":126,"column":34}},"55":{"start":{"line":127,"column":8},"end":{"line":132,"column":11}},"56":{"start":{"line":135,"column":4},"end":{"line":139,"column":6}},"57":{"start":{"line":143,"column":16},"end":{"line":143,"column":39}},"58":{"start":{"line":144,"column":4},"end":{"line":146,"column":5}},"59":{"start":{"line":145,"column":8},"end":{"line":145,"column":71}},"60":{"start":{"line":147,"column":4},"end":{"line":147,"column":15}}},"fnMap":{"0":{"name":"base64Decode","decl":{"start":{"line":26,"column":9},"end":{"line":26,"column":21}},"loc":{"start":{"line":26,"column":43},"end":{"line":42,"column":1}},"line":26},"1":{"name":"decodeJwtPayload","decl":{"start":{"line":51,"column":9},"end":{"line":51,"column":25}},"loc":{"start":{"line":51,"column":60},"end":{"line":59,"column":1}},"line":51},"2":{"name":"isTokenExpired","decl":{"start":{"line":61,"column":9},"end":{"line":61,"column":23}},"loc":{"start":{"line":61,"column":61},"end":{"line":64,"column":1}},"line":61},"3":{"name":"AuthProvider","decl":{"start":{"line":68,"column":16},"end":{"line":68,"column":28}},"loc":{"start":{"line":68,"column":68},"end":{"line":140,"column":1}},"line":68},"4":{"name":"(anonymous_4)","decl":{"start":{"line":78,"column":14},"end":{"line":78,"column":15}},"loc":{"start":{"line":78,"column":20},"end":{"line":96,"column":5}},"line":78},"5":{"name":"(anonymous_5)","decl":{"start":{"line":79,"column":30},"end":{"line":79,"column":31}},"loc":{"start":{"line":79,"column":47},"end":{"line":95,"column":9}},"line":79},"6":{"name":"(anonymous_6)","decl":{"start":{"line":98,"column":14},"end":{"line":98,"column":15}},"loc":{"start":{"line":98,"column":20},"end":{"line":107,"column":5}},"line":98},"7":{"name":"(anonymous_7)","decl":{"start":{"line":109,"column":30},"end":{"line":109,"column":31}},"loc":{"start":{"line":109,"column":73},"end":{"line":118,"column":5}},"line":109},"8":{"name":"(anonymous_8)","decl":{"start":{"line":120,"column":33},"end":{"line":120,"column":34}},"loc":{"start":{"line":120,"column":76},"end":{"line":123,"column":5}},"line":120},"9":{"name":"(anonymous_9)","decl":{"start":{"line":125,"column":31},"end":{"line":125,"column":32}},"loc":{"start":{"line":125,"column":43},"end":{"line":133,"column":5}},"line":125},"10":{"name":"useAuth","decl":{"start":{"line":142,"column":16},"end":{"line":14
[...]
,"/home/ahmed/mobile-app/app/pages/profile.tsx": {"path":"/home/ahmed/mobile-app/app/pages/profile.tsx","statementMap":{"0":{"start":{"line":15,"column":23},"end":{"line":15,"column":32}},"1":{"start":{"line":16,"column":19},"end":{"line":16,"column":30}},"2":{"start":{"line":17,"column":4},"end":{"line":74,"column":6}},"3":{"start":{"line":62,"column":39},"end":{"line":62,"column":65}},"4":{"start":{"line":86,"column":4},"end":{"line":97,"column":6}},"5":{"start":{"line":100,"column":15},"end":{"line":209,"column":2}}},"fnMap":{"0":{"name":"Profile","decl":{"start":{"line":14,"column":24},"end":{"line":14,"column":31}},"loc":{"start":{"line":14,"column":34},"end":{"line":75,"column":1}},"line":14},"1":{"name":"(anonymous_1)","decl":{"start":{"line":62,"column":33},"end":{"line":62,"column":34}},"loc":{"start":{"line":62,"column":39},"end":{"line":62,"column":65}},"line":62},"2":{"name":"Row","decl":{"start":{"line":77,"column":9},"end":{"line":77,"column":12}},"loc":{"start":{"line":85,"column":3},"end":{"line":98,"column":1}},"line":85}},"branchMap":{},"s":{"0":1,"1":1,"2":1,"3":0,"4":4,"5":1},"f":{"0":1,"1":0,"2":4},"b":{},"_coverageSchema":"1a1c01bbd47fc00a2c39e90264f33305004495a9","hash":"a3943b8fb0d8a93ce5226f86dee0486047c86aea"}
,"/home/ahmed/mobile-app/app/pages/stats.tsx": {"path":"/home/ahmed/mobile-app/app/pages/stats.tsx","statementMap":{"0":{"start":{"line":11,"column":24},"end":{"line":19,"column":1}},"1":{"start":{"line":22,"column":4},"end":{"line":154,"column":6}},"2":{"start":{"line":34,"column":24},"end":{"line":37,"column":31}},"3":{"start":{"line":82,"column":36},"end":{"line":82,"column":76}},"4":{"start":{"line":157,"column":15},"end":{"line":384,"column":2}}},"fnMap":{"0":{"name":"Stats","decl":{"start":{"line":21,"column":24},"end":{"line":21,"column":29}},"loc":{"start":{"line":21,"column":32},"end":{"line":155,"column":1}},"line":21},"1":{"name":"(anonymous_1)","decl":{"start":{"line":33,"column":30},"end":{"line":33,"column":31}},"loc":{"start":{"line":34,"column":24},"end":{"line":37,"column":31}},"line":34},"2":{"name":"(anonymous_2)","decl":{"start":{"line":81,"column":63},"end":{"line":81,"column":64}},"loc":{"start":{"line":82,"column":36},"end":{"line":82,"column":76}},"line":82}},"branchMap":{},"s":{"0":1,"1":5,"2":35,"3":25,"4":1},"f":{"0":5,"1":35,"2":25},"b":{},"_coverageSchema":"1a1c01bbd47fc00a2c39e90264f33305004495a9","hash":"de17f04e67eed4ed8a6610a18e7f17106e53faf5"}
,"/home/ahmed/mobile-app/app/pages/garden/[id].tsx": {"path":"/home/ahmed/mobile-app/app/pages/garden/[id].tsx","statementMap":{},"fnMap":{},"branchMap":{},"s":{},"f":{},"b":{}}
,"/home/ahmed/mobile-app/app/services/api.ts": {"path":"/home/ahmed/mobile-app/app/services/api.ts","statementMap":{"0":{"start":{"line":10,"column":26},"end":{"line":10,"column":50}},"1":{"start":{"line":13,"column":4},"end":{"line":13,"column":55}},"2":{"start":{"line":17,"column":4},"end":{"line":17,"column":61}},"3":{"start":{"line":21,"column":4},"end":{"line":21,"column":57}},"4":{"start":{"line":24,"column":25},"end":{"line":35,"column":2}},"5":{"start":{"line":27,"column":18},"end":{"line":33,"column":9}},"6":{"start":{"line":28,"column":26},"end":{"line":28,"column":48}},"7":{"start":{"line":29,"column":12},"end":{"line":31,"column":13}},"8":{"start":{"line":30,"column":16},"end":{"line":30,"column":67}},"9":{"start":{"line":32,"column":12},"end":{"line":32,"column":29}},"10":{"start":{"line":37,"column":26},"end":{"line":37,"column":62}},"11":{"start":{"line":38,"column":28},"end":{"line":38,"column":66}}},"fnMap":{"0":{"name":"getStoredToken","decl":{"start":{"line":12,"column":22},"end":{"line":12,"column":36}},"loc":{"start":{"line":12,"column":63},"end":{"line":14,"column":1}},"line":12},"1":{"name":"setStoredToken","decl":{"start":{"line":16,"column":22},"end":{"line":16,"column":36}},"loc":{"start":{"line":16,"column":67},"end":{"line":18,"column":1}},"line":16},"2":{"name":"removeStoredToken","decl":{"start":{"line":20,"column":22},"end":{"line":20,"column":39}},"loc":{"start":{"line":20,"column":57},"end":{"line":22,"column":1}},"line":20},"3":{"name":"(anonymous_3)","decl":{"start":{"line":27,"column":8},"end":{"line":27,"column":9}},"loc":{"start":{"line":27,"column":18},"end":{"line":33,"column":9}},"line":27},"4":{"name":"(anonymous_4)","decl":{"start":{"line":27,"column":18},"end":{"line":27,"column":19}},"loc":{"start":{"line":27,"column":33},"end":{"line":33,"column":9}},"line":27}},"branchMap":{"0":{"loc":{"start":{"line":29,"column":12},"end":{"line":31,"column":13}},"type":"if","locations":[{"start":{"line":29,"column":12},"end":{"line":31,"column":13}},{"start":{},"end":{}}],"line":29}},"s":{"0":1,"1":2,"2":1,"3":1,"4":1,"5":0,"6":0,"7":0,"8":0,"9":0,"10":1,"11":1},"f":{"0":2,"1":1,"2":1,"3":0,"4":0},"b":{"0":[0,0]},"_coverageSchema":"1a1c01bbd47fc00a2c39e90264f33305004495a9","hash":"a2ec7080917ecf7f2c4011bce84adf03e2d64b7e"}
,"/home/ahmed/mobile-app/app/services/authService.ts": {"path":"/home/ahmed/mobile-app/app/services/authService.ts","statementMap":{"0":{"start":{"line":10,"column":23},"end":{"line":10,"column":45}},"1":{"start":{"line":11,"column":4},"end":{"line":29,"column":5}},"2":{"start":{"line":13,"column":12},"end":{"line":13,"column":54}},"3":{"start":{"line":15,"column":12},"end":{"line":15,"column":49}},"4":{"start":{"line":17,"column":24},"end":{"line":17,"column":67}},"5":{"start":{"line":18,"column":12},"end":{"line":18,"column":73}},"6":{"start":{"line":18,"column":39},"end":{"line":18,"column":73}},"7":{"start":{"line":19,"column":12},"end":{"line":20,"column":78}},"8":{"start":{"line":20,"column":16},"end":{"line":20,"column":78}},"9":{"start":{"line":21,"column":12},"end":{"line":21,"column":65}},"10":{"start":{"line":24,"column":12},"end":{"line":24,"column":86}},"11":{"start":{"line":26,"column":12},"end":{"line":28,"column":14}},"12":{"start":{"line":36,"column":4},"end":{"line":42,"column":5}},"13":{"start":{"line":37,"column":20},"end":{"line":37,"column":66}},"14":{"start":{"line":38,"column":8},"end":{"line":38,"column":40}},"15":{"start":{"line":39,"column":8},"end":{"line":39,"column":19}},"16":{"start":{"line":41,"column":8},"end":{"line":41,"column":45}},"17":{"start":{"line":49,"column":4},"end":{"line":55,"column":5}},"18":{"start":{"line":50,"column":20},"end":{"line":50,"column":63}},"19":{"start":{"line":51,"column":8},"end":{"line":51,"column":40}},"20":{"start":{"line":52,"column":8},"end":{"line":52,"column":19}},"21":{"start":{"line":54,"column":8},"end":{"line":54,"column":45}},"22":{"start":{"line":59,"column":4},"end":{"line":64,"column":5}},"23":{"start":{"line":60,"column":20},"end":{"line":60,"column":49}},"24":{"start":{"line":61,"column":8},"end":{"line":61,"column":24}},"25":{"start":{"line":63,"column":8},"end":{"line":63,"column":45}}},"fnMap":{"0":{"name":"translateError","decl":{"start":{"line":9,"column":9},"end":{"line":9,"column":23}},"loc":{"start":{"line":9,"column":46},"end":{"line":30,"column":1}},"line":9},"1":{"name":"register","decl":{"start":{"line":32,"column":22},"end":{"line":32,"column":30}},"loc":{"start":{"line":35,"column":29},"end":{"line":43,"column":1}},"line":35},"2":{"name":"login","decl":{"start":{"line":45,"column":22},"end":{"line":45,"column":27}},"loc":{"start":{"line":48,"column":26},"end":{"line":56,"column":1}},"line":48},"3":{"name":"listHubs","decl":{"start":{"line":58,"column":22},"end":{"line":58,"column":30}},"loc":{"start":{"line":58,"column":53},"end":{"line":65,"column":1}},"line":58}},"branchMap":{"0":{"loc":{"start":{"line":11,"column":4},"end":{"line":29,"column":5}},"type":"switch","locations":[{"start":{"line":12,"column":8},"end":{"line":13,"column":54}},{"start":{"line":14,"column":8},"end":{"line":15,"column":49}},{"start":{"line":16,"column":8},"end":{"line":22,"column":9}},{"start":{"line":23,"column":8},"end":{"line":24,"column":86}},{"start":{"line":25,"column":8},"end":{"line":28,"column":14}}],"line":11},"1":{"loc":{"start":{"line":17,"column":25},"end":{"line":17,"column":52}},"type":"binary-expr","locations":[{"start":{"line":17,"column":25},"end":{"line":17,"column":46}},{"start":{"line":17,"column":50},"end":{"line":17,"column":52}}],"line":17},"2":{"loc":{"start":{"line":18,"column":12},"end":{"line":18,"column":73}},"type":"if","locations":[{"start":{"line":18,"column":12},"end":{"line":18,"column":73}},{"start":{},"end":{}}],"line":18},"3":{"loc":{"start":{"line":19,"column":12},"end":{"line":20,"column":78}},"type":"if","locations":[{"start":{"line":19,"column":12},"end":{"line":20,"column":78}},{"start":{},"end":{}}],"line":19},"4":{"loc":{"start":{"line":21,"column":19},"end":{"line":21,"column":64}},"type":"binary-expr","locations":[{"start":{"line":21,"column":19},"end":{"line":21,"column":40}},{"start":{"line":21,"column":44},"end":{"line":21,"column":64}}],"line":21},"5":{"loc":{"start":{"line":27,"column":16},"end":{"line":27,"column":78}},"type":"binary-expr","locations":[{"start":{"line":27,"column":16},"end":{"line":27,"column":37}},{"start":{"line":27,"column":41},"end":{"line":27,"column":78}}],"line":27}},"s":{"0":7,"1":7,"2":2,"3":2,"4":2,"5":2,"6":1,"7":1,"8":1,"9":0,"10":1,"11":0,"12":2,"13":2,"14":1,"15":1,"16":1,"17":6,"18":6,"19":1,"20":1,"21":5,"22":2,"23":2,"24":1,"25":1},"f":{"0":7,"1":2,"2":6,"3":2},"b":{"0":[2,2,2,1,0],"1":[2,0],"2":[1,1],"3":[1,0],"4":[0,0],"5":[0,0]},"_coverageSchema":"1a1c01bbd47fc00a2c39e90264f33305004495a9","hash":"555809805f648945ea9d734c1ed5ddccac48ff44"}
,"/home/ahmed/mobile-app/app/services/gardenService.ts": {"path":"/home/ahmed/mobile-app/app/services/gardenService.ts","statementMap":{"0":{"start":{"line":9,"column":23},"end":{"line":9,"column":45}},"1":{"start":{"line":10,"column":4},"end":{"line":23,"column":5}},"2":{"start":{"line":12,"column":12},"end":{"line":12,"column":65}},"3":{"start":{"line":14,"column":12},"end":{"line":14,"column":53}},"4":{"start":{"line":16,"column":12},"end":{"line":16,"column":54}},"5":{"start":{"line":18,"column":12},"end":{"line":18,"column":86}},"6":{"start":{"line":20,"column":12},"end":{"line":22,"column":14}},"7":{"start":{"line":35,"column":4},"end":{"line":39,"column":5}},"8":{"start":{"line":36,"column":8},"end":{"line":36,"column":57}},"9":{"start":{"line":38,"column":8},"end":{"line":38,"column":45}},"10":{"start":{"line":47,"column":4},"end":{"line":52,"column":5}},"11":{"start":{"line":48,"column":20},"end":{"line":48,"column":75}},"12":{"start":{"line":49,"column":8},"end":{"line":49,"column":29}},"13":{"start":{"line":51,"column":8},"end":{"line":51,"column":45}},"14":{"start":{"line":75,"column":4},"end":{"line":75,"column":83}},"15":{"start":{"line":79,"column":18},"end":{"line":79,"column":40}},"16":{"start":{"line":80,"column":4},"end":{"line":82,"column":5}},"17":{"start":{"line":81,"column":8},"end":{"line":81,"column":71}},"18":{"start":{"line":84,"column":21},"end":{"line":94,"column":5}},"19":{"start":{"line":96,"column":4},"end":{"line":98,"column":5}},"20":{"start":{"line":97,"column":8},"end":{"line":97,"column":68}},"21":{"start":{"line":100,"column":20},"end":{"line":100,"column":75}},"22":{"start":{"line":101,"column":39},"end":{"line":101,"column":41}},"23":{"start":{"line":102,"column":4},"end":{"line":116,"column":5}},"24":{"start":{"line":103,"column":23},"end":{"line":103,"column":52}},"25":{"start":{"line":104,"column":8},"end":{"line":106,"column":9}},"26":{"start":{"line":105,"column":12},"end":{"line":105,"column":21}},"27":{"start":{"line":107,"column":8},"end":{"line":115,"column":11}},"28":{"start":{"line":117,"column":4},"end":{"line":117,"column":21}}},"fnMap":{"0":{"name":"translateError","decl":{"start":{"line":8,"column":9},"end":{"line":8,"column":23}},"loc":{"start":{"line":8,"column":46},"end":{"line":24,"column":1}},"line":8},"1":{"name":"insertSensorData","decl":{"start":{"line":26,"column":22},"end":{"line":26,"column":38}},"loc":{"start":{"line":34,"column":38},"end":{"line":40,"column":1}},"line":34},"2":{"name":"getSummary","decl":{"start":{"line":42,"column":22},"end":{"line":42,"column":32}},"loc":{"start":{"line":46,"column":28},"end":{"line":53,"column":1}},"line":46},"3":{"name":"readOptionalNumber","decl":{"start":{"line":74,"column":9},"end":{"line":74,"column":27}},"loc":{"start":{"line":74,"column":64},"end":{"line":76,"column":1}},"line":74},"4":{"name":"listProbesForHubName","decl":{"start":{"line":78,"column":22},"end":{"line":78,"column":42}},"loc":{"start":{"line":78,"column":86},"end":{"line":118,"column":1}},"line":78}},"branchMap":{"0":{"loc":{"start":{"line":10,"column":4},"end":{"line":23,"column":5}},"type":"switch","locations":[{"start":{"line":11,"column":8},"end":{"line":12,"column":65}},{"start":{"line":13,"column":8},"end":{"line":14,"column":53}},{"start":{"line":15,"column":8},"end":{"line":16,"column":54}},{"start":{"line":17,"column":8},"end":{"line":18,"column":86}},{"start":{"line":19,"column":8},"end":{"line":22,"column":14}}],"line":10},"1":{"loc":{"start":{"line":21,"column":16},"end":{"line":21,"column":78}},"type":"binary-expr","locations":[{"start":{"line":21,"column":16},"end":{"line":21,"column":37}},{"start":{"line":21,"column":41},"end":{"line":21,"column":78}}],"line":21},"2":{"loc":{"start":{"line":75,"column":11},"end":{"line":75,"column":82}},"type":"cond-expr","locations":[{"start":{"line":75,"column":65},"end":{"line":75,"column":70}},{"start":{"line":75,"column":73},"end":{"line":75,"column":82}}],"line":75},"3":{"loc":{"start":{"line":75,"column":11},"end":{"line":75,"column":62}},"type":"binary-expr","locations":[{"start":{"line":75,"column":11},"end":{"line":75,"column":36}},{"start":{"line":75,"column":40},"end":{"line":75,"column":62}}],"line":75},"4":{"loc":{"start":{"line":80,"column":4},"end":{"line":82,"column":5}},"type":"if","locations":[{"start":{"line":80,"column":4},"end":{"line":82,"column":5}},{"start":{},"end":{}}],"line":80},"5":{"loc":{"start":{"line":96,"column":4},"end":{"line":98,"column":5}},"type":"if","locations":[{"start":{"line":96,"column":4},"end":{"line":98,"column":5}},{"start":{},"end":{}}],"line":96},"6":{"loc":{"start":{"line":102,"column":24},"end":{"line":102,"column":44}},"type":"binary-expr","locations":[{"start":{"line":102,"column":24},"end":{"line":102,"column":38}},{"start":{"line":102,"column":42},"end":{"line":102,"column":44}}],"line":102},"7":{"loc":{"start":{"line":103,"column":23},"end":{"line":103,"column":52}},"type":"binary-expr","locations":[{"start":{"line":103,"column":23},"end":{"line":103,"column":35}},{"start":{"line":103,"column":39},"end":{"line":103,"column":52}}],"line":103},"8":{"loc":{"start":{"line":104,"column":8},"end":{"line":106,"column":9}},"type":"if","locations":[{"start":{"line":104,"column":8},"end":{"line":106,"column":9}},{"start":{},"end":{}}],"line":104},"9":{"loc":{"start":{"line":104,"column":12},"end":{"line":104,"column":61}},"type":"binary-expr","locations":[{"start":{"line":104,"column":12},"end":{"line":104,"column":38}},{"start":{"line":104,"column":42},"end":{"line":104,"column":61}}],"line":104},"10":{"loc":{"start":{"line":110,"column":16},"end":{"line":110,"column":61}},"type":"binary-expr","locations":[{"start":{"line":110,"column":16},"end":{"line":110,"column":36}},{"start":{"line":110,"column":40},"end":{"line":110,"column":61}}],"line":110},"11":{"loc":{"start":{"line":113,"column":16},"end":{"line":113,"column":55}},"type":"binary-expr","locations":[{"start":{"line":113,"column":16},"end":{"line":113,"column":33}},{"start":{"line":113,"column":37},"end":{"line":113,"column":55}}],"line":113}},"s":{"0":4,"1":4,"2":1,"3":1,"4":1,"5":1,"6":0,"7":2,"8":2,"9":1,"10":5,"11":5,"12":2,"13":3,"14":8,"15":8,"16":8,"17":1,"18":7,"19":7,"20":1,"21":6,"22":6,"23":6,"24":5,"25":5,"26":1,"27":4,"28":6},"f":{"0":4,"1":2,"2":5,"3":8,"4":8},"b":{"0":[1,1,1,1,0],"1":[0,0],"2":[4,4],"3":[8,4],"4":[1,7],"5":[1,6],"6":[6,1],"7":[5,2],"8":[1,4],"9":[5,4],"10":[4,2],"11":[4,3]},"_coverageSchema":"1a1c01bbd47fc00a2c39e90264f33305004495a9","hash":"d898bae02b0b3d11c72a9ef95b548ae267d347dd"}
,"/home/ahmed/mobile-app/app/theme/colors.ts": {"path":"/home/ahmed/mobile-app/app/theme/colors.ts","statementMap":{"0":{"start":{"line":1,"column":22},"end":{"line":52,"column":10}},"1":{"start":{"line":56,"column":16},"end":{"line":56,"column":43}},"2":{"start":{"line":57,"column":2},"end":{"line":59,"column":3}},"3":{"start":{"line":58,"column":4},"end":{"line":58,"column":80}},"4":{"start":{"line":60,"column":2},"end":{"line":60,"column":15}},"5":{"start":{"line":65,"column":14},"end":{"line":65,"column":36}},"6":{"start":{"line":66,"column":2},"end":{"line":68,"column":3}},"7":{"start":{"line":67,"column":4},"end":{"line":67,"column":20}},"8":{"start":{"line":69,"column":12},"end":{"line":69,"column":43}},"9":{"start":{"line":70,"column":12},"end":{"line":70,"column":48}},"10":{"start":{"line":71,"column":12},"end":{"line":71,"column":48}},"11":{"start":{"line":72,"column":12},"end":{"line":72,"column":48}},"12":{"start":{"line":73,"column":2},"end":{"line":73,"column":37}}},"fnMap":{"0":{"name":"normalizeHex","decl":{"start":{"line":54,"column":9},"end":{"line":54,"column":21}},"loc":{"start":{"line":54,"column":43},"end":{"line":61,"column":1}},"line":54},"1":{"name":"withAlpha","decl":{"start":{"line":63,"column":16},"end":{"line":63,"column":25}},"loc":{"start":{"line":63,"column":67},"end":{"line":74,"column":1}},"line":63}},"branchMap":{"0":{"loc":{"start":{"line":57,"column":2},"end":{"line":59,"column":3}},"type":"if","locations":[{"start":{"line":57,"column":2},"end":{"line":59,"column":3}},{"start":{},"end":{}}],"line":57},"1":{"loc":{"start":{"line":66,"column":2},"end":{"line":68,"column":3}},"type":"if","locations":[{"start":{"line":66,"column":2},"end":{"line":68,"column":3}},{"start":{},"end":{}}],"line":66}},"s":{"0":11,"1":45,"2":45,"3":3,"4":42,"5":45,"6":45,"7":2,"8":43,"9":43,"10":43,"11":43,"12":43},"f":{"0":45,"1":45},"b":{"0":[3,42],"1":[2,43]},"_coverageSchema":"1a1c01bbd47fc00a2c39e90264f33305004495a9","hash":"945d7dca7628b899ed6e260b35ee27bc18ad8d4d"}
,"/home/ahmed/mobile-app/app/utils/sondeDisplay.ts": {"path":"/home/ahmed/mobile-app/app/utils/sondeDisplay.ts","statementMap":{"0":{"start":{"line":4,"column":20},"end":{"line":4,"column":31}},"1":{"start":{"line":5,"column":4},"end":{"line":5,"column":48}},"2":{"start":{"line":9,"column":20},"end":{"line":9,"column":51}},"3":{"start":{"line":10,"column":20},"end":{"line":10,"column":87}},"4":{"start":{"line":10,"column":44},"end":{"line":10,"column":86}},"5":{"start":{"line":11,"column":18},"end":{"line":11,"column":80}},"6":{"start":{"line":11,"column":58},"end":{"line":11,"column":78}},"7":{"start":{"line":12,"column":4},"end":{"line":12,"column":37}}},"fnMap":{"0":{"name":"normalizeHubName","decl":{"start":{"line":3,"column":9},"end":{"line":3,"column":25}},"loc":{"start":{"line":3,"column":48},"end":{"line":6,"column":1}},"line":3},"1":{"name":"getSondeDisplayName","decl":{"start":{"line":8,"column":16},"end":{"line":8,"column":35}},"loc":{"start":{"line":8,"column":87},"end":{"line":13,"column":1}},"line":8},"2":{"name":"(anonymous_2)","decl":{"start":{"line":10,"column":34},"end":{"line":10,"column":35}},"loc":{"start":{"line":10,"column":44},"end":{"line":10,"column":86}},"line":10},"3":{"name":"(anonymous_3)","decl":{"start":{"line":11,"column":48},"end":{"line":11,"column":49}},"loc":{"start":{"line":11,"column":58},"end":{"line":11,"column":78}},"line":11}},"branchMap":{"0":{"loc":{"start":{"line":5,"column":11},"end":{"line":5,"column":47}},"type":"cond-expr","locations":[{"start":{"line":5,"column":32},"end":{"line":5,"column":39}},{"start":{"line":5,"column":42},"end":{"line":5,"column":47}}],"line":5}},"s":{"0":42,"1":42,"2":14,"3":14,"4":28,"5":14,"6":19,"7":14},"f":{"0":42,"1":14,"2":28,"3":19},"b":{"0":[36,6]},"_coverageSchema":"1a1c01bbd47fc00a2c39e90264f33305004495a9","hash":"19245c0d2926d7bf32bdcd2bf22e50e8c6f64f37"}
}
