TN:
SF:app/config.ts
FN:7,getEnv
FN:20,sanitizeBasePath
FNF:2
FNH:2
FNDA:5,getEnv
FNDA:1,sanitizeBasePath
DA:8,5
DA:10,5
DA:13,1
DA:15,1
DA:17,1
DA:18,1
DA:21,1
DA:22,1
DA:25,0
DA:27,0
DA:30,1
DA:38,1
LF:12
LH:10
BRDA:10,0,0,0
BRDA:10,0,1,5
BRDA:13,1,0,1
BRDA:13,1,1,1
BRDA:15,2,0,1
BRDA:15,2,1,1
BRDA:16,3,0,0
BRDA:16,3,1,1
BRDA:17,4,0,1
BRDA:17,4,1,1
BRDA:18,5,0,1
BRDA:18,5,1,1
BRDA:21,6,0,1
BRDA:21,6,1,0
BRDA:27,7,0,0
BRDA:27,7,1,0
BRDA:31,8,0,1
BRDA:31,8,1,1
BRDA:32,9,0,1
BRDA:32,9,1,0
BRDA:38,10,0,1
BRDA:38,10,1,1
BRF:22
BRH:16
end_of_record
TN:
SF:app/index.tsx
FN:9,Index
FNF:1
FNH:1
FNDA:2,Index
DA:4,1
DA:6,1
DA:7,1
DA:10,2
DA:43,1
LF:5
LH:5
BRF:0
BRH:0
end_of_record
TN:
SF:app/login.tsx
FN:18,Login
FN:25,(anonymous_1)
FNF:2
FNH:2
FNDA:12,Login
FNDA:3,(anonymous_1)
DA:19,12
DA:20,12
DA:21,12
DA:22,12
DA:23,12
DA:25,12
DA:26,3
DA:27,3
DA:28,1
DA:29,1
DA:31,2
DA:32,2
DA:33,2
DA:35,1
DA:39,2
DA:43,12
DA:133,1
LF:17
LH:17
BRDA:27,0,0,1
BRDA:27,0,1,2
BRDA:27,1,0,3
BRDA:27,1,1,2
BRDA:36,2,0,1
BRDA:36,2,1,0
BRDA:47,3,0,12
BRDA:47,3,1,0
BRDA:97,4,0,2
BRDA:97,4,1,10
BRDA:104,5,0,12
BRDA:104,5,1,0
BRDA:109,6,0,0
BRDA:109,6,1,12
BRF:14
BRH:10
end_of_record
TN:
SF:app/signup.tsx
FN:18,Signup
FN:27,(anonymous_1)
FNF:2
FNH:2
FNDA:12,Signup
FNDA:3,(anonymous_1)
DA:19,12
DA:20,12
DA:21,12
DA:22,12
DA:23,12
DA:24,12
DA:25,12
DA:27,12
DA:28,3
DA:29,3
DA:30,1
DA:31,1
DA:33,2
DA:34,2
DA:35,2
DA:37,1
DA:41,2
DA:45,12
DA:145,1
LF:19
LH:19
BRDA:29,0,0,1
BRDA:29,0,1,2
BRDA:29,1,0,3
BRDA:29,1,1,2
BRDA:38,2,0,1
BRDA:38,2,1,0
BRDA:49,3,0,12
BRDA:49,3,1,0
BRDA:109,4,0,2
BRDA:109,4,1,10
BRDA:116,5,0,12
BRDA:116,5,1,0
BRDA:121,6,0,0
BRDA:121,6,1,12
BRF:14
BRH:10
end_of_record
TN:
SF:app/components/BottomMenu.tsx
FN:53,MenuIcon
FN:58,(anonymous_1)
FN:64,(anonymous_2)
FN:68,(anonymous_3)
FN:72,(anonymous_4)
FN:115,BottomMenu
FN:119,(anonymous_6)
FN:124,(anonymous_7)
FN:132,(anonymous_8)
FN:149,(anonymous_9)
FN:156,(anonymous_10)
FNF:11
FNH:10
FNDA:45,MenuIcon
FNDA:45,(anonymous_1)
FNDA:45,(anonymous_2)
FNDA:45,(anonymous_3)
FNDA:45,(anonymous_4)
FNDA:9,BottomMenu
FNDA:23,(anonymous_6)
FNDA:9,(anonymous_7)
FNDA:9,(anonymous_8)
FNDA:45,(anonymous_9)
FNDA:0,(anonymous_10)
DA:30,1
DA:38,1
DA:39,1
DA:40,1
DA:41,1
DA:42,1
DA:43,1
DA:44,1
DA:45,1
DA:46,1
DA:54,45
DA:55,45
DA:56,45
DA:58,45
DA:59,45
DA:60,45
DA:61,45
DA:64,45
DA:68,45
DA:72,45
DA:76,45
DA:78,45
DA:116,9
DA:117,9
DA:118,9
DA:119,23
DA:121,9
DA:122,9
DA:124,9
DA:125,9
DA:132,9
DA:142,9
DA:150,45
DA:152,45
DA:156,0
DA:167,1
LF:36
LH:35
BRDA:54,0,0,9
BRDA:54,0,1,36
BRDA:55,1,0,9
BRDA:55,1,1,36
BRDA:56,2,0,9
BRDA:56,2,1,36
BRDA:59,3,0,9
BRDA:59,3,1,36
BRDA:60,4,0,9
BRDA:60,4,1,36
BRDA:61,5,0,9
BRDA:61,5,1,36
BRDA:76,6,0,9
BRDA:76,6,1,36
BRDA:81,7,0,36
BRDA:81,7,1,9
BRDA:97,8,0,36
BRDA:97,8,1,9
BRDA:121,9,0,8
BRDA:121,9,1,1
BRF:20
BRH:20
end_of_record
TN:
SF:app/components/GardenMap.tsx
FNF:0
FNH:0
LF:0
LH:0
BRF:0
BRH:0
end_of_record
TN:
SF:app/components/Header.tsx
FNF:0
FNH:0
LF:0
LH:0
BRF:0
BRH:0
end_of_record
TN:
SF:app/components/SensorReadingGraph.tsx
FNF:0
FNH:0
LF:0
LH:0
BRF:0
BRH:0
end_of_record
TN:
SF:app/components/Sidebar.tsx
FNF:0
FNH:0
LF:0
LH:0
BRF:0
BRH:0
end_of_record
TN:
SF:app/components/garden/AddMenu.tsx
FN:9,AddMenu
FNF:1
FNH:1
FNDA:2,AddMenu
DA:12,2
DA:19,1
LF:2
LH:2
BRF:0
BRH:0
end_of_record
TN:
SF:app/components/garden/CatalogModal.tsx
FN:26,CatalogModal
FN:34,(anonymous_1)
FN:38,(anonymous_2)
FN:43,(anonymous_3)
FN:73,(anonymous_4)
FN:76,(anonymous_5)
FN:77,(anonymous_6)
FNF:7
FNH:5
FNDA:3,CatalogModal
FNDA:204,(anonymous_1)
FNDA:0,(anonymous_2)
FNDA:1,(anonymous_3)
FNDA:84,(anonymous_4)
FNDA:60,(anonymous_5)
FNDA:0,(anonymous_6)
DA:17,1
DA:32,3
DA:34,3
DA:35,204
DA:38,3
DA:39,0
DA:40,0
DA:43,3
DA:44,1
DA:45,1
DA:48,3
DA:73,84
DA:77,60
DA:89,1
LF:14
LH:12
BRF:0
BRH:0
end_of_record
TN:
SF:app/components/garden/GrassLayer.tsx
FN:8,GrassLayer
FN:16,(anonymous_1)
FNF:2
FNH:2
FNDA:2,GrassLayer
FNDA:1058,(anonymous_1)
DA:5,1
DA:6,1
DA:8,1
DA:9,2
DA:17,1058
DA:31,1
LF:6
LH:6
BRF:0
BRH:0
end_of_record
TN:
SF:app/components/garden/PlantCard.tsx
FN:53,PlantCard
FN:66,(anonymous_1)
FN:98,(anonymous_2)
FN:105,(anonymous_3)
FN:123,(anonymous_4)
FN:128,(anonymous_5)
FN:142,(anonymous_6)
FN:145,(anonymous_7)
FN:149,(anonymous_8)
FN:154,makeCornerGesture
FN:160,(anonymous_10)
FN:163,(anonymous_11)
FN:187,(anonymous_12)
FN:203,(anonymous_13)
FN:221,(anonymous_14)
FNF:15
FNH:6
FNDA:5,PlantCard
FNDA:2,(anonymous_1)
FNDA:5,(anonymous_2)
FNDA:5,(anonymous_3)
FNDA:0,(anonymous_4)
FNDA:0,(anonymous_5)
FNDA:0,(anonymous_6)
FNDA:0,(anonymous_7)
FNDA:0,(anonymous_8)
FNDA:20,makeCornerGesture
FNDA:0,(anonymous_10)
FNDA:0,(anonymous_11)
FNDA:0,(anonymous_12)
FNDA:5,(anonymous_13)
FNDA:0,(anonymous_14)
DA:27,1
DA:28,1
DA:29,1
DA:30,1
DA:51,1
DA:53,1
DA:65,5
DA:66,2
DA:68,5
DA:71,5
DA:76,5
DA:80,5
DA:84,5
DA:88,5
DA:92,5
DA:93,5
DA:94,5
DA:95,5
DA:96,5
DA:98,5
DA:99,5
DA:100,5
DA:101,5
DA:102,5
DA:105,5
DA:106,5
DA:107,5
DA:108,5
DA:109,5
DA:112,0
DA:122,5
DA:123,0
DA:127,5
DA:129,0
DA:140,5
DA:143,0
DA:146,0
DA:147,0
DA:150,0
DA:151,0
DA:158,20
DA:161,0
DA:164,0
DA:165,0
DA:166,0
DA:167,0
DA:168,0
DA:169,0
DA:170,0
DA:173,0
DA:174,0
DA:176,0
DA:177,0
DA:178,0
DA:179,0
DA:180,0
DA:183,0
DA:184,0
DA:188,0
DA:189,0
DA:198,5
DA:199,5
DA:200,5
DA:201,5
DA:203,5
DA:221,5
DA:222,5
DA:225,5
DA:357,5
DA:358,1
DA:369,4
DA:388,1
LF:72
LH:45
BRDA:65,0,0,2
BRDA:65,0,1,3
BRDA:68,1,0,2
BRDA:68,1,1,3
BRDA:71,2,0,2
BRDA:71,2,1,3
BRDA:76,3,0,1
BRDA:76,3,1,4
BRDA:80,4,0,1
BRDA:80,4,1,4
BRDA:84,5,0,0
BRDA:84,5,1,5
BRDA:88,6,0,0
BRDA:88,6,1,5
BRDA:106,7,0,5
BRDA:106,7,1,0
BRDA:106,8,0,5
BRDA:106,8,1,0
BRDA:166,9,0,0
BRDA:166,9,1,0
BRDA:168,10,0,0
BRDA:168,10,1,0
BRDA:174,11,0,0
BRDA:174,11,1,0
BRDA:176,12,0,0
BRDA:176,12,1,0
BRDA:178,13,0,0
BRDA:178,13,1,0
BRDA:184,14,0,0
BRDA:184,14,1,0
BRDA:209,15,0,1
BRDA:209,15,1,4
BRDA:211,16,0,0
BRDA:211,16,1,4
BRDA:216,17,0,0
BRDA:216,17,1,5
BRDA:217,18,0,0
BRDA:217,18,1,5
BRDA:218,19,0,0
BRDA:218,19,1,5
BRDA:232,20,0,5
BRDA:232,20,1,2
BRDA:326,21,0,5
BRDA:326,21,1,1
BRDA:357,22,0,1
BRDA:357,22,1,4
BRF:46
BRH:26
end_of_record
TN:
SF:app/components/garden/PlantDetailModal.tsx
FN:30,getCategoryLabel
FN:36,PlantDetailModal
FN:48,(anonymous_2)
FN:62,(anonymous_3)
FN:65,(anonymous_4)
FN:70,(anonymous_5)
FN:87,(anonymous_6)
FN:117,(anonymous_7)
FN:125,(anonymous_8)
FN:137,(anonymous_9)
FN:145,(anonymous_10)
FN:185,(anonymous_11)
FN:186,(anonymous_12)
FN:201,(anonymous_13)
FNF:14
FNH:7
FNDA:14,getCategoryLabel
FNDA:15,PlantDetailModal
FNDA:7,(anonymous_2)
FNDA:0,(anonymous_3)
FNDA:2,(anonymous_4)
FNDA:0,(anonymous_5)
FNDA:0,(anonymous_6)
FNDA:0,(anonymous_7)
FNDA:0,(anonymous_8)
FNDA:0,(anonymous_9)
FNDA:0,(anonymous_10)
FNDA:14,(anonymous_11)
FNDA:4,(anonymous_12)
FNDA:1,(anonymous_13)
DA:18,1
DA:31,14
DA:32,14
DA:33,0
DA:44,15
DA:45,15
DA:46,15
DA:48,15
DA:49,7
DA:50,6
DA:51,6
DA:52,6
DA:56,15
DA:58,14
DA:59,14
DA:61,14
DA:62,0
DA:65,14
DA:66,2
DA:67,2
DA:70,14
DA:71,0
DA:72,0
DA:75,14
DA:87,0
DA:117,0
DA:125,0
DA:138,0
DA:139,0
DA:145,0
DA:186,14
DA:187,14
DA:201,1
DA:214,1
LF:34
LH:24
BRDA:31,0,0,0
BRDA:31,0,1,14
BRDA:32,1,0,14
BRDA:32,1,1,0
BRDA:39,2,0,15
BRDA:49,3,0,6
BRDA:49,3,1,1
BRDA:56,4,0,1
BRDA:56,4,1,14
BRDA:58,5,0,14
BRDA:58,5,1,14
BRDA:59,6,0,14
BRDA:59,6,1,6
BRDA:61,7,0,0
BRDA:61,7,1,14
BRDA:78,8,0,0
BRDA:78,8,1,14
BRDA:83,9,0,14
BRDA:83,9,1,0
BRDA:87,10,0,14
BRDA:87,10,1,0
BRDA:88,11,0,0
BRDA:88,11,1,14
BRDA:116,12,0,0
BRDA:116,12,1,0
BRDA:143,13,0,0
BRDA:143,13,1,0
BRDA:148,14,0,0
BRDA:148,14,1,0
BRDA:151,15,0,0
BRDA:151,15,1,0
BRDA:187,16,0,2
BRDA:187,16,1,12
BRF:33
BRH:18
end_of_record
TN:
SF:app/components/garden/PlantEditModal.tsx
FN:23,PlantEditModal
FN:33,(anonymous_1)
FN:42,(anonymous_2)
FN:109,(anonymous_3)
FNF:4
FNH:3
FNDA:5,PlantEditModal
FNDA:3,(anonymous_1)
FNDA:1,(anonymous_2)
FNDA:0,(anonymous_3)
DA:15,1
DA:28,5
DA:29,5
DA:30,5
DA:31,5
DA:33,5
DA:34,3
DA:35,2
DA:36,2
DA:37,2
DA:38,2
DA:42,5
DA:43,1
DA:44,1
DA:45,1
DA:46,1
DA:47,1
DA:48,0
DA:49,0
DA:51,1
DA:52,0
DA:53,0
DA:55,1
DA:61,1
DA:64,5
DA:110,0
DA:111,0
DA:131,1
LF:28
LH:22
BRDA:34,0,0,2
BRDA:34,0,1,1
BRDA:43,1,0,0
BRDA:43,1,1,1
BRDA:44,2,0,1
BRDA:44,2,1,0
BRDA:45,3,0,1
BRDA:45,3,1,0
BRDA:46,4,0,1
BRDA:46,4,1,0
BRDA:47,5,0,0
BRDA:47,5,1,1
BRDA:51,6,0,0
BRDA:51,6,1,1
BRDA:74,7,0,5
BRDA:74,7,1,4
BRDA:118,8,0,0
BRDA:118,8,1,5
BRF:18
BRH:11
end_of_record
TN:
SF:app/components/garden/SondeListModal.tsx
FN:29,SondeListModal
FN:42,(anonymous_1)
FN:47,(anonymous_2)
FN:52,(anonymous_3)
FN:53,(anonymous_4)
FN:72,(anonymous_5)
FN:79,(anonymous_6)
FN:101,(anonymous_7)
FN:102,(anonymous_8)
FN:110,(anonymous_9)
FN:115,(anonymous_10)
FN:123,(anonymous_11)
FN:126,(anonymous_12)
FN:152,(anonymous_13)
FN:165,(anonymous_14)
FN:172,(anonymous_15)
FN:196,(anonymous_16)
FN:202,(anonymous_17)
FNF:18
FNH:16
FNDA:24,SondeListModal
FNDA:6,(anonymous_1)
FNDA:5,(anonymous_2)
FNDA:8,(anonymous_3)
FNDA:8,(anonymous_4)
FNDA:11,(anonymous_5)
FNDA:6,(anonymous_6)
FNDA:1,(anonymous_7)
FNDA:0,(anonymous_8)
FNDA:4,(anonymous_9)
FNDA:4,(anonymous_10)
FNDA:0,(anonymous_11)
FNDA:4,(anonymous_12)
FNDA:1,(anonymous_13)
FNDA:34,(anonymous_14)
FNDA:1,(anonymous_15)
FNDA:12,(anonymous_16)
FNDA:1,(anonymous_17)
DA:19,1
DA:36,24
DA:37,24
DA:38,24
DA:39,24
DA:40,24
DA:42,24
DA:43,6
DA:44,1
DA:47,5
DA:48,5
DA:49,5
DA:50,5
DA:51,4
DA:52,8
DA:53,8
DA:54,4
DA:55,4
DA:56,4
DA:59,1
DA:64,1
DA:65,1
DA:69,5
DA:72,24
DA:73,11
DA:74,6
DA:76,5
DA:79,24
DA:80,6
DA:81,6
DA:82,6
DA:83,6
DA:84,5
DA:85,5
DA:86,15
DA:88,5
DA:90,1
DA:95,1
DA:97,6
DA:101,24
DA:102,1
DA:103,1
DA:104,0
DA:106,1
DA:109,24
DA:110,4
DA:113,24
DA:116,4
DA:117,0
DA:119,4
DA:120,4
DA:121,4
DA:123,0
DA:124,0
DA:126,4
DA:129,24
DA:153,1
DA:154,1
DA:166,34
DA:172,1
DA:197,12
DA:198,12
DA:202,1
DA:232,1
LF:64
LH:60
BRDA:43,0,0,1
BRDA:43,0,1,5
BRDA:55,1,0,4
BRDA:55,1,1,0
BRDA:60,2,0,1
BRDA:60,2,1,0
BRDA:73,3,0,6
BRDA:73,3,1,5
BRDA:73,4,0,11
BRDA:73,4,1,10
BRDA:91,5,0,1
BRDA:91,5,1,0
BRDA:103,6,0,0
BRDA:103,6,1,1
BRDA:106,7,0,1
BRDA:106,7,1,0
BRDA:116,8,0,0
BRDA:116,8,1,4
BRDA:120,9,0,4
BRDA:120,9,1,0
BRDA:124,10,0,0
BRDA:124,10,1,0
BRDA:126,11,0,4
BRDA:126,11,1,4
BRDA:133,12,0,24
BRDA:133,12,1,0
BRDA:153,13,0,1
BRDA:153,13,1,0
BRDA:163,14,0,17
BRDA:163,14,1,7
BRDA:170,15,0,34
BRDA:170,15,1,17
BRDA:177,16,0,34
BRDA:177,16,1,17
BRDA:187,17,0,6
BRDA:187,17,1,18
BRDA:189,18,0,2
BRDA:189,18,1,16
BRDA:191,19,0,10
BRDA:191,19,1,6
BRDA:209,20,0,12
BRDA:209,20,1,0
BRDA:215,21,0,12
BRDA:215,21,1,1
BRDA:218,22,0,1
BRDA:218,22,1,11
BRF:46
BRH:34
end_of_record
TN:
SF:app/components/garden/ZoomControls.tsx
FN:11,ZoomControls
FNF:1
FNH:1
FNDA:4,ZoomControls
DA:16,4
DA:31,1
LF:2
LH:2
BRF:0
BRH:0
end_of_record
TN:
SF:app/constants/garden.ts
FN:153,generateGrassDecorations
FNF:1
FNH:1
FNDA:6,generateGrassDecorations
DA:5,6
DA:7,6
DA:8,6
DA:9,6
DA:10,6
DA:11,6
DA:12,6
DA:14,6
DA:15,6
DA:16,6
DA:17,6
DA:20,6
DA:21,6
DA:23,6
DA:149,6
DA:150,6
DA:151,6
DA:159,6
DA:160,6
DA:161,6
DA:162,138
DA:163,3174
DA:164,3174
DA:165,3174
DA:166,3174
DA:172,3174
DA:175,6
DA:178,6
LF:28
LH:28
BRF:0
BRH:0
end_of_record
TN:
SF:app/context/AuthContext.tsx
FN:26,base64Decode
FN:51,decodeJwtPayload
FN:61,isTokenExpired
FN:68,AuthProvider
FN:78,(anonymous_4)
FN:79,(anonymous_5)
FN:98,(anonymous_6)
FN:109,(anonymous_7)
FN:120,(anonymous_8)
FN:125,(anonymous_9)
FN:142,useAuth
FNF:11
FNH:11
FNDA:4,base64Decode
FNDA:4,decodeJwtPayload
FNDA:8,isTokenExpired
FNDA:18,AuthProvider
FNDA:8,(anonymous_4)
FNDA:8,(anonymous_5)
FNDA:18,(anonymous_6)
FNDA:2,(anonymous_7)
FNDA:1,(anonymous_8)
FNDA:1,(anonymous_9)
FNDA:20,useAuth
DA:28,4
DA:29,4
DA:30,4
DA:31,4
DA:32,4
DA:33,36
DA:34,36
DA:35,36
DA:36,36
DA:37,36
DA:38,36
DA:39,36
DA:41,4
DA:52,4
DA:53,4
DA:54,4
DA:55,4
DA:57,0
DA:62,8
DA:63,3
DA:66,1
DA:69,18
DA:75,18
DA:76,18
DA:78,18
DA:79,8
DA:80,8
DA:81,8
DA:82,8
DA:83,1
DA:84,1
DA:86,8
DA:98,18
DA:99,18
DA:100,10
DA:101,10
DA:102,10
DA:103,7
DA:104,3
DA:105,3
DA:109,18
DA:110,2
DA:111,1
DA:112,1
DA:120,18
DA:121,1
DA:122,1
DA:125,18
DA:126,1
DA:127,1
DA:135,18
DA:143,20
DA:144,20
DA:145,2
DA:147,18
LF:55
LH:54
BRDA:38,0,0,34
BRDA:38,0,1,2
BRDA:39,1,0,33
BRDA:39,1,1,3
BRDA:54,2,0,0
BRDA:54,2,1,4
BRDA:62,3,0,5
BRDA:62,3,1,3
BRDA:80,4,0,3
BRDA:80,4,1,5
BRDA:82,5,0,1
BRDA:82,5,1,7
BRDA:82,6,0,8
BRDA:82,6,1,3
BRDA:89,7,0,2
BRDA:89,7,1,6
BRDA:89,8,0,8
BRDA:89,8,1,3
BRDA:90,9,0,2
BRDA:90,9,1,0
BRDA:90,9,2,0
BRDA:99,10,0,8
BRDA:99,10,1,10
BRDA:100,11,0,10
BRDA:100,11,1,10
BRDA:102,12,0,7
BRDA:102,12,1,3
BRDA:102,13,0,10
BRDA:102,13,1,7
BRDA:104,14,0,3
BRDA:104,14,1,0
BRDA:104,15,0,3
BRDA:104,15,1,3
BRDA:114,16,0,1
BRDA:114,16,1,0
BRDA:114,16,2,0
BRDA:144,17,0,2
BRDA:144,17,1,18
BRF:38
BRH:32
end_of_record
TN:
SF:app/hooks/useGardenStorage.ts
FN:17,useGardenStorage
FN:25,(anonymous_1)
FN:26,(anonymous_2)
FN:30,(anonymous_3)
FN:57,(anonymous_4)
FN:62,(anonymous_5)
FN:73,(anonymous_6)
FN:88,(anonymous_7)
FN:96,(anonymous_8)
FN:104,(anonymous_9)
FN:123,(anonymous_10)
FN:141,(anonymous_11)
FN:142,(anonymous_12)
FN:143,(anonymous_13)
FN:151,(anonymous_14)
FN:154,(anonymous_15)
FN:161,(anonymous_16)
FN:162,(anonymous_17)
FN:167,(anonymous_18)
FN:172,(anonymous_19)
FN:188,(anonymous_20)
FN:189,(anonymous_21)
FN:190,(anonymous_22)
FN:196,(anonymous_23)
FN:203,(anonymous_24)
FN:204,(anonymous_25)
FN:223,findFreePosition
FN:231,(anonymous_27)
FNF:28
FNH:26
FNDA:83,useGardenStorage
FNDA:26,(anonymous_1)
FNDA:26,(anonymous_2)
FNDA:5,(anonymous_3)
FNDA:26,(anonymous_4)
FNDA:5,(anonymous_5)
FNDA:5,(anonymous_6)
FNDA:25,(anonymous_7)
FNDA:8,(anonymous_8)
FNDA:12,(anonymous_9)
FNDA:3,(anonymous_10)
FNDA:3,(anonymous_11)
FNDA:3,(anonymous_12)
FNDA:3,(anonymous_13)
FNDA:0,(anonymous_14)
FNDA:1,(anonymous_15)
FNDA:2,(anonymous_16)
FNDA:3,(anonymous_17)
FNDA:8,(anonymous_18)
FNDA:1,(anonymous_19)
FNDA:1,(anonymous_20)
FNDA:1,(anonymous_21)
FNDA:1,(anonymous_22)
FNDA:0,(anonymous_23)
FNDA:4,(anonymous_24)
FNDA:4,(anonymous_25)
FNDA:12,findFreePosition
FNDA:4,(anonymous_27)
DA:15,1
DA:18,83
DA:19,83
DA:20,83
DA:22,83
DA:23,83
DA:25,83
DA:26,26
DA:27,26
DA:28,5
DA:29,5
DA:30,5
DA:31,5
DA:33,5
DA:34,2
DA:35,2
DA:36,2
DA:39,5
DA:40,2
DA:41,2
DA:43,5
DA:44,5
DA:46,5
DA:47,5
DA:48,4
DA:51,0
DA:54,21
DA:57,26
DA:58,26
DA:59,4
DA:60,4
DA:61,4
DA:62,5
DA:74,5
DA:76,4
DA:77,4
DA:78,2
DA:80,0
DA:82,22
DA:87,83
DA:89,25
DA:90,25
DA:95,83
DA:97,8
DA:98,8
DA:103,83
DA:105,12
DA:106,12
DA:116,12
DA:117,12
DA:122,83
DA:124,3
DA:134,3
DA:135,3
DA:140,83
DA:142,3
DA:143,3
DA:144,3
DA:146,3
DA:147,2
DA:150,1
DA:151,0
DA:153,1
DA:154,1
DA:160,83
DA:162,3
DA:167,83
DA:168,8
DA:169,8
DA:170,1
DA:172,7
DA:173,7
DA:174,1
DA:176,6
DA:183,6
DA:184,6
DA:187,83
DA:189,1
DA:190,1
DA:195,83
DA:202,83
DA:204,4
DA:209,83
DA:224,12
DA:225,12
DA:226,12
DA:227,12
DA:228,14
DA:229,14
DA:230,14
DA:231,4
DA:233,14
DA:236,0
LF:93
LH:89
BRDA:22,0,0,83
BRDA:22,0,1,0
BRDA:27,1,0,5
BRDA:27,1,1,21
BRDA:33,2,0,2
BRDA:33,2,1,3
BRDA:33,3,0,5
BRDA:33,3,1,3
BRDA:34,4,0,2
BRDA:34,4,1,0
BRDA:39,5,0,2
BRDA:39,5,1,3
BRDA:40,6,0,2
BRDA:40,6,1,1
BRDA:43,7,0,0
BRDA:43,7,1,5
BRDA:47,8,0,4
BRDA:47,8,1,1
BRDA:58,9,0,4
BRDA:58,9,1,22
BRDA:65,10,0,5
BRDA:65,10,1,0
BRDA:69,11,0,4
BRDA:69,11,1,1
BRDA:69,12,0,5
BRDA:69,12,1,4
BRDA:74,13,0,5
BRDA:74,13,1,5
BRDA:77,14,0,2
BRDA:77,14,1,2
BRDA:127,15,0,3
BRDA:127,15,1,2
BRDA:128,16,0,3
BRDA:128,16,1,2
BRDA:146,17,0,2
BRDA:146,17,1,1
BRDA:153,18,0,1
BRDA:153,18,1,0
BRDA:162,19,0,2
BRDA:162,19,1,1
BRDA:168,20,0,8
BRDA:168,20,1,1
BRDA:169,21,0,1
BRDA:169,21,1,7
BRDA:173,22,0,1
BRDA:173,22,1,6
BRDA:181,23,0,6
BRDA:181,23,1,5
BRDA:189,24,0,1
BRDA:189,24,1,0
BRDA:204,25,0,4
BRDA:204,25,1,0
BRDA:231,26,0,4
BRDA:231,26,1,2
BRDA:231,26,2,2
BRDA:231,26,3,2
BRDA:233,27,0,12
BRDA:233,27,1,2
BRF:58
BRH:51
end_of_record
TN:
SF:app/hooks/useHubs.ts
FN:12,useHubs
FN:17,(anonymous_1)
FN:30,(anonymous_2)
FNF:3
FNH:3
FNDA:11,useHubs
FNDA:6,(anonymous_1)
FNDA:5,(anonymous_2)
DA:13,11
DA:14,11
DA:15,11
DA:17,11
DA:18,6
DA:19,6
DA:20,6
DA:21,6
DA:22,4
DA:24,2
DA:26,6
DA:30,11
DA:31,5
DA:34,11
LF:14
LH:14
BRDA:24,0,0,1
BRDA:24,0,1,1
BRF:2
BRH:2
end_of_record
TN:
SF:app/hooks/useMapGestures.ts
FN:22,clampScale
FN:27,useMapGestures
FN:54,(anonymous_2)
FN:62,(anonymous_3)
FN:67,(anonymous_4)
FN:72,(anonymous_5)
FN:90,(anonymous_6)
FN:100,(anonymous_7)
FN:107,(anonymous_8)
FN:112,(anonymous_9)
FN:123,(anonymous_10)
FN:146,(anonymous_11)
FN:158,(anonymous_12)
FN:167,(anonymous_13)
FN:179,(anonymous_14)
FN:192,(anonymous_15)
FNF:16
FNH:16
FNDA:3,clampScale
FNDA:4,useMapGestures
FNDA:1,(anonymous_2)
FNDA:1,(anonymous_3)
FNDA:1,(anonymous_4)
FNDA:1,(anonymous_5)
FNDA:1,(anonymous_6)
FNDA:1,(anonymous_7)
FNDA:1,(anonymous_8)
FNDA:1,(anonymous_9)
FNDA:1,(anonymous_10)
FNDA:1,(anonymous_11)
FNDA:4,(anonymous_12)
FNDA:1,(anonymous_13)
FNDA:1,(anonymous_14)
FNDA:2,(anonymous_15)
DA:20,1
DA:24,3
DA:30,4
DA:34,4
DA:35,4
DA:37,4
DA:38,4
DA:39,4
DA:41,4
DA:42,4
DA:43,4
DA:45,4
DA:46,4
DA:47,4
DA:48,4
DA:50,4
DA:51,4
DA:52,4
DA:54,4
DA:55,1
DA:56,1
DA:60,4
DA:63,1
DA:64,1
DA:65,1
DA:68,1
DA:69,1
DA:70,1
DA:73,1
DA:74,1
DA:75,0
DA:76,0
DA:78,1
DA:82,1
DA:88,4
DA:91,1
DA:92,1
DA:93,1
DA:94,1
DA:95,1
DA:96,1
DA:97,1
DA:101,1
DA:102,1
DA:103,1
DA:104,1
DA:105,1
DA:108,1
DA:109,1
DA:113,1
DA:114,1
DA:115,1
DA:116,1
DA:117,1
DA:118,1
DA:119,1
DA:120,1
DA:121,1
DA:124,1
DA:126,1
DA:127,1
DA:130,1
DA:133,1
DA:136,1
DA:137,1
DA:141,1
DA:147,1
DA:148,1
DA:149,1
DA:150,1
DA:153,4
DA:158,4
DA:167,4
DA:168,1
DA:169,1
DA:170,1
DA:171,1
DA:172,1
DA:173,1
DA:174,1
DA:175,1
DA:176,1
DA:179,4
DA:180,1
DA:181,1
DA:182,1
DA:183,1
DA:184,1
DA:185,1
DA:186,1
DA:187,1
DA:188,1
DA:191,4
DA:200,2
DA:201,1
DA:202,1
DA:203,1
DA:204,1
DA:205,1
DA:211,1
DA:212,1
DA:214,1
DA:215,1
DA:216,1
DA:217,1
DA:218,1
DA:219,1
DA:231,4
LF:108
LH:106
BRDA:55,0,0,1
BRDA:55,0,1,0
BRDA:63,1,0,0
BRDA:63,1,1,1
BRDA:68,2,0,0
BRDA:68,2,1,1
BRDA:68,3,0,1
BRDA:68,3,1,1
BRDA:73,4,0,0
BRDA:73,4,1,1
BRDA:74,5,0,0
BRDA:74,5,1,1
BRDA:91,6,0,1
BRDA:91,6,1,0
BRDA:101,7,0,0
BRDA:101,7,1,1
BRDA:108,8,0,1
BRDA:108,8,1,0
BRDA:200,9,0,1
BRDA:200,9,1,1
BRF:20
BRH:12
end_of_record
TN:
SF:app/hooks/useSensor.ts
FNF:0
FNH:0
LF:0
LH:0
BRF:0
BRH:0
end_of_record
TN:
SF:app/hooks/useSensorData.ts
FN:14,useSensorData
FN:17,(anonymous_1)
FN:21,(anonymous_2)
FN:60,(anonymous_3)
FN:63,(anonymous_4)
FNF:5
FNH:5
FNDA:14,useSensorData
FNDA:8,(anonymous_1)
FNDA:3,(anonymous_2)
FNDA:7,(anonymous_3)
FNDA:7,(anonymous_4)
DA:15,14
DA:17,14
DA:18,8
DA:19,8
DA:20,7
DA:22,3
DA:27,3
DA:28,3
DA:29,4
DA:30,4
DA:31,4
DA:35,3
DA:39,7
DA:40,7
DA:41,3
DA:42,3
DA:43,3
DA:54,7
DA:60,14
DA:61,7
DA:62,7
DA:63,7
DA:66,14
LF:23
LH:23
BRDA:30,0,0,4
BRDA:30,0,1,0
BRDA:30,1,0,4
BRDA:30,1,1,1
BRDA:45,2,0,3
BRDA:45,2,1,2
BRDA:47,3,0,3
BRDA:47,3,1,2
BRF:8
BRH:7
end_of_record
TN:
SF:app/pages/alerts.tsx
FN:5,Alerts
FNF:1
FNH:1
FNDA:2,Alerts
DA:6,2
DA:21,1
LF:2
LH:2
BRF:0
BRH:0
end_of_record
TN:
SF:app/pages/chat.tsx
FN:5,Chat
FNF:1
FNH:1
FNDA:2,Chat
DA:6,2
DA:21,1
LF:2
LH:2
BRF:0
BRH:0
end_of_record
TN:
SF:app/pages/dashboard.tsx
FN:27,Dashboard
FN:50,(anonymous_1)
FN:57,(anonymous_2)
FN:61,(anonymous_3)
FN:64,(anonymous_4)
FN:68,(anonymous_5)
FN:83,(anonymous_6)
FN:98,(anonymous_7)
FN:103,(anonymous_8)
FN:110,(anonymous_9)
FN:117,(anonymous_10)
FN:119,(anonymous_11)
FN:120,(anonymous_12)
FN:127,(anonymous_13)
FN:134,(anonymous_14)
FN:135,(anonymous_15)
FN:144,(anonymous_16)
FN:152,(anonymous_17)
FN:160,(anonymous_18)
FN:168,(anonymous_19)
FN:177,(anonymous_20)
FN:188,(anonymous_21)
FN:229,(anonymous_22)
FN:238,(anonymous_23)
FN:265,(anonymous_24)
FN:272,(anonymous_25)
FN:280,(anonymous_26)
FN:293,(anonymous_27)
FNF:28
FNH:16
FNDA:12,Dashboard
FNDA:1,(anonymous_1)
FNDA:9,(anonymous_2)
FNDA:2,(anonymous_3)
FNDA:6,(anonymous_4)
FNDA:0,(anonymous_5)
FNDA:6,(anonymous_6)
FNDA:1,(anonymous_7)
FNDA:1,(anonymous_8)
FNDA:0,(anonymous_9)
FNDA:0,(anonymous_10)
FNDA:0,(anonymous_11)
FNDA:0,(anonymous_12)
FNDA:0,(anonymous_13)
FNDA:1,(anonymous_14)
FNDA:1,(anonymous_15)
FNDA:0,(anonymous_16)
FNDA:0,(anonymous_17)
FNDA:0,(anonymous_18)
FNDA:1,(anonymous_19)
FNDA:1,(anonymous_20)
FNDA:2,(anonymous_21)
FNDA:1,(anonymous_22)
FNDA:10,(anonymous_23)
FNDA:2,(anonymous_24)
FNDA:0,(anonymous_25)
FNDA:0,(anonymous_26)
FNDA:0,(anonymous_27)
DA:28,12
DA:39,12
DA:41,12
DA:43,12
DA:44,12
DA:45,12
DA:46,12
DA:47,12
DA:48,12
DA:50,12
DA:51,1
DA:52,1
DA:53,1
DA:54,1
DA:57,12
DA:58,9
DA:59,7
DA:61,2
DA:64,12
DA:65,6
DA:66,6
DA:68,0
DA:81,12
DA:83,12
DA:84,6
DA:85,4
DA:86,4
DA:87,4
DA:88,4
DA:89,4
DA:90,4
DA:91,4
DA:92,4
DA:93,4
DA:95,4
DA:98,12
DA:99,1
DA:102,12
DA:104,1
DA:109,12
DA:111,0
DA:116,12
DA:118,0
DA:119,0
DA:120,0
DA:121,0
DA:126,12
DA:128,0
DA:133,12
DA:135,1
DA:136,1
DA:137,0
DA:139,1
DA:144,12
DA:145,0
DA:146,0
DA:148,0
DA:149,0
DA:152,12
DA:153,0
DA:154,0
DA:156,0
DA:157,0
DA:160,12
DA:161,0
DA:162,0
DA:164,0
DA:167,12
DA:169,1
DA:170,1
DA:171,1
DA:176,12
DA:178,1
DA:179,1
DA:180,1
DA:181,1
DA:182,1
DA:187,12
DA:189,2
DA:190,2
DA:191,1
DA:197,1
DA:198,1
DA:199,1
DA:201,1
DA:202,1
DA:203,1
DA:205,1
DA:206,1
DA:209,1
DA:214,1
DA:215,1
DA:216,1
DA:221,12
DA:230,1
DA:231,1
DA:239,10
DA:265,2
DA:272,0
DA:281,0
DA:282,0
DA:293,0
DA:328,1
LF:103
LH:80
BRDA:58,0,0,7
BRDA:58,0,1,2
BRDA:61,1,0,2
BRDA:61,1,1,1
BRDA:65,2,0,6
BRDA:65,2,1,0
BRDA:68,3,0,0
BRDA:68,3,1,0
BRDA:84,4,0,2
BRDA:84,4,1,4
BRDA:90,5,0,4
BRDA:90,5,1,0
BRDA:91,6,0,4
BRDA:91,6,1,0
BRDA:92,7,0,4
BRDA:92,7,1,0
BRDA:93,8,0,4
BRDA:93,8,1,0
BRDA:119,9,0,0
BRDA:119,9,1,0
BRDA:120,10,0,0
BRDA:120,10,1,0
BRDA:136,11,0,0
BRDA:136,11,1,1
BRDA:145,12,0,0
BRDA:145,12,1,0
BRDA:153,13,0,0
BRDA:153,13,1,0
BRDA:161,14,0,0
BRDA:161,14,1,0
BRDA:190,15,0,1
BRDA:190,15,1,1
BRDA:201,16,0,1
BRDA:201,16,1,0
BRDA:201,17,0,1
BRDA:201,17,1,1
BRDA:201,17,2,1
BRDA:212,18,0,1
BRDA:212,18,1,0
BRDA:212,19,0,1
BRDA:212,19,1,1
BRDA:254,20,0,12
BRDA:254,20,1,2
BRDA:297,21,0,12
BRDA:297,21,1,1
BRF:45
BRH:25
end_of_record
TN:
SF:app/pages/hubs.tsx
FN:17,formatDate
FN:25,HubsPage
FN:30,(anonymous_2)
FN:30,(anonymous_3)
FN:40,(anonymous_4)
FN:56,(anonymous_5)
FN:70,(anonymous_6)
FNF:7
FNH:2
FNDA:0,formatDate
FNDA:2,HubsPage
FNDA:2,(anonymous_2)
FNDA:0,(anonymous_3)
FNDA:0,(anonymous_4)
FNDA:0,(anonymous_5)
FNDA:0,(anonymous_6)
DA:18,0
DA:19,0
DA:20,0
DA:22,0
DA:26,2
DA:27,2
DA:29,2
DA:30,2
DA:34,2
DA:40,0
DA:56,0
DA:71,0
DA:106,1
LF:13
LH:6
BRDA:19,0,0,0
BRDA:19,0,1,0
BRDA:48,1,0,0
BRDA:48,1,1,2
BRDA:59,2,0,0
BRDA:59,2,1,2
BRDA:61,3,0,2
BRDA:61,3,1,0
BRDA:77,4,0,0
BRDA:77,4,1,0
BRDA:79,5,0,0
BRDA:79,5,1,0
BRDA:85,6,0,0
BRDA:85,6,1,0
BRDA:87,7,0,0
BRDA:87,7,1,0
BRF:16
BRH:3
end_of_record
TN:
SF:app/pages/login.tsx
FNF:0
FNH:0
LF:0
LH:0
BRF:0
BRH:0
end_of_record
TN:
SF:app/pages/profile.tsx
FN:14,Profile
FN:62,(anonymous_1)
FN:77,Row
FNF:3
FNH:2
FNDA:1,Profile
FNDA:0,(anonymous_1)
FNDA:4,Row
DA:15,1
DA:16,1
DA:17,1
DA:62,0
DA:86,4
DA:100,1
LF:6
LH:5
BRF:0
BRH:0
end_of_record
TN:
SF:app/pages/stats.tsx
FN:21,Stats
FN:33,(anonymous_1)
FN:81,(anonymous_2)
FNF:3
FNH:3
FNDA:5,Stats
FNDA:35,(anonymous_1)
FNDA:25,(anonymous_2)
DA:11,1
DA:22,5
DA:34,35
DA:82,25
DA:157,1
LF:5
LH:5
BRF:0
BRH:0
end_of_record
TN:
SF:app/pages/garden/[id].tsx
FNF:0
FNH:0
LF:0
LH:0
BRF:0
BRH:0
end_of_record
TN:
SF:app/services/api.ts
FN:12,getStoredToken
FN:16,setStoredToken
FN:20,removeStoredToken
FN:27,(anonymous_3)
FN:27,(anonymous_4)
FNF:5
FNH:3
FNDA:2,getStoredToken
FNDA:1,setStoredToken
FNDA:1,removeStoredToken
FNDA:0,(anonymous_3)
FNDA:0,(anonymous_4)
DA:10,1
DA:13,2
DA:17,1
DA:21,1
DA:24,1
DA:27,0
DA:28,0
DA:29,0
DA:30,0
DA:32,0
DA:37,1
DA:38,1
LF:12
LH:7
BRDA:29,0,0,0
BRDA:29,0,1,0
BRF:2
BRH:0
end_of_record
TN:
SF:app/services/authService.ts
FN:9,translateError
FN:32,register
FN:45,login
FN:58,listHubs
FNF:4
FNH:4
FNDA:7,translateError
FNDA:2,register
FNDA:6,login
FNDA:2,listHubs
DA:10,7
DA:11,7
DA:13,2
DA:15,2
DA:17,2
DA:18,2
DA:19,1
DA:20,1
DA:21,0
DA:24,1
DA:26,0
DA:36,2
DA:37,2
DA:38,1
DA:39,1
DA:41,1
DA:49,6
DA:50,6
DA:51,1
DA:52,1
DA:54,5
DA:59,2
DA:60,2
DA:61,1
DA:63,1
LF:25
LH:23
BRDA:11,0,0,2
BRDA:11,0,1,2
BRDA:11,0,2,2
BRDA:11,0,3,1
BRDA:11,0,4,0
BRDA:17,1,0,2
BRDA:17,1,1,0
BRDA:18,2,0,1
BRDA:18,2,1,1
BRDA:19,3,0,1
BRDA:19,3,1,0
BRDA:21,4,0,0
BRDA:21,4,1,0
BRDA:27,5,0,0
BRDA:27,5,1,0
BRF:15
BRH:8
end_of_record
TN:
SF:app/services/gardenService.ts
FN:8,translateError
FN:26,insertSensorData
FN:42,getSummary
FN:74,readOptionalNumber
FN:78,listProbesForHubName
FNF:5
FNH:5
FNDA:4,translateError
FNDA:2,insertSensorData
FNDA:5,getSummary
FNDA:8,readOptionalNumber
FNDA:8,listProbesForHubName
DA:9,4
DA:10,4
DA:12,1
DA:14,1
DA:16,1
DA:18,1
DA:20,0
DA:35,2
DA:36,2
DA:38,1
DA:47,5
DA:48,5
DA:49,2
DA:51,3
DA:75,8
DA:79,8
DA:80,8
DA:81,1
DA:84,7
DA:96,7
DA:97,1
DA:100,6
DA:101,6
DA:102,6
DA:103,5
DA:104,5
DA:105,1
DA:107,4
DA:117,6
LF:29
LH:28
BRDA:10,0,0,1
BRDA:10,0,1,1
BRDA:10,0,2,1
BRDA:10,0,3,1
BRDA:10,0,4,0
BRDA:21,1,0,0
BRDA:21,1,1,0
BRDA:75,2,0,4
BRDA:75,2,1,4
BRDA:75,3,0,8
BRDA:75,3,1,4
BRDA:80,4,0,1
BRDA:80,4,1,7
BRDA:96,5,0,1
BRDA:96,5,1,6
BRDA:102,6,0,6
BRDA:102,6,1,1
BRDA:103,7,0,5
BRDA:103,7,1,2
BRDA:104,8,0,1
BRDA:104,8,1,4
BRDA:104,9,0,5
BRDA:104,9,1,4
BRDA:110,10,0,4
BRDA:110,10,1,2
BRDA:113,11,0,4
BRDA:113,11,1,3
BRF:27
BRH:24
end_of_record
TN:
SF:app/theme/colors.ts
FN:54,normalizeHex
FN:63,withAlpha
FNF:2
FNH:2
FNDA:45,normalizeHex
FNDA:45,withAlpha
DA:1,11
DA:56,45
DA:57,45
DA:58,3
DA:60,42
DA:65,45
DA:66,45
DA:67,2
DA:69,43
DA:70,43
DA:71,43
DA:72,43
DA:73,43
LF:13
LH:13
BRDA:57,0,0,3
BRDA:57,0,1,42
BRDA:66,1,0,2
BRDA:66,1,1,43
BRF:4
BRH:4
end_of_record
TN:
SF:app/utils/sondeDisplay.ts
FN:3,normalizeHubName
FN:8,getSondeDisplayName
FN:10,(anonymous_2)
FN:11,(anonymous_3)
FNF:4
FNH:4
FNDA:42,normalizeHubName
FNDA:14,getSondeDisplayName
FNDA:28,(anonymous_2)
FNDA:19,(anonymous_3)
DA:4,42
DA:5,42
DA:9,14
DA:10,28
DA:11,19
DA:12,14
LF:6
LH:6
BRDA:5,0,0,36
BRDA:5,0,1,6
BRF:2
BRH:2
end_of_record
